<?xml version="1.0" encoding="UTF-8"?>
<testsuites name="jest tests" tests="533" failures="0" errors="0" time="31.175">
  <testsuite name="isCrudResource" errors="0" failures="0" skipped="0" timestamp="2026-07-10T13:34:10" time="5.501" tests="34">
    <testcase classname="isCrudResource returns true for a defineResource() result" name="isCrudResource returns true for a defineResource() result" time="0.008">
    </testcase>
    <testcase classname="isCrudResource returns false for a manual RocketsResourceConfig" name="isCrudResource returns false for a manual RocketsResourceConfig" time="0">
    </testcase>
    <testcase classname="buildAppRegistrationPlan basic wiring returns empty arrays when no resources are passed" name="buildAppRegistrationPlan basic wiring returns empty arrays when no resources are passed" time="0.001">
    </testcase>
    <testcase classname="buildAppRegistrationPlan basic wiring extracts generated resource core into resources" name="buildAppRegistrationPlan basic wiring extracts generated resource core into resources" time="0">
    </testcase>
    <testcase classname="buildAppRegistrationPlan basic wiring groups entities by module into one persistence entry per adapter" name="buildAppRegistrationPlan basic wiring groups entities by module into one persistence entry per adapter" time="0.001">
    </testcase>
    <testcase classname="buildAppRegistrationPlan manual config passthrough passes manual configs into resources but does not contribute persistence" name="buildAppRegistrationPlan manual config passthrough passes manual configs into resources but does not contribute persistence" time="0.001">
    </testcase>
    <testcase classname="buildAppRegistrationPlan manual config passthrough mixes generated + manual resource definitions correctly" name="buildAppRegistrationPlan manual config passthrough mixes generated + manual resource definitions correctly" time="0">
    </testcase>
    <testcase classname="buildAppRegistrationPlan duplicate entity registration is fail-fast throws when two CRUD bundles register the same entity class with the same key" name="buildAppRegistrationPlan duplicate entity registration is fail-fast throws when two CRUD bundles register the same entity class with the same key" time="0.044">
    </testcase>
    <testcase classname="buildAppRegistrationPlan duplicate entity registration is fail-fast throws when two CRUD bundles register the same entity under different keys" name="buildAppRegistrationPlan duplicate entity registration is fail-fast throws when two CRUD bundles register the same entity under different keys" time="0.002">
    </testcase>
    <testcase classname="buildAppRegistrationPlan duplicate entity registration is fail-fast throws when a CRUD bundle and a module resource both register the same entity" name="buildAppRegistrationPlan duplicate entity registration is fail-fast throws when a CRUD bundle and a module resource both register the same entity" time="0.001">
    </testcase>
    <testcase classname="buildAppRegistrationPlan duplicate entity registration is fail-fast throws when two module resources register the same entity" name="buildAppRegistrationPlan duplicate entity registration is fail-fast throws when two module resources register the same entity" time="0.002">
    </testcase>
    <testcase classname="buildAppRegistrationPlan duplicate entity registration is fail-fast error message tells the developer how to fix it (use @InjectDynamicRepository)" name="buildAppRegistrationPlan duplicate entity registration is fail-fast error message tells the developer how to fix it (use @InjectDynamicRepository)" time="0.091">
    </testcase>
    <testcase classname="buildAppRegistrationPlan duplicate entity registration is fail-fast does NOT throw when the same entity targets two different adapters (mixed-store apps)" name="buildAppRegistrationPlan duplicate entity registration is fail-fast does NOT throw when the same entity targets two different adapters (mixed-store apps)" time="0.001">
    </testcase>
    <testcase classname="buildAppRegistrationPlan cross-resource relation resolution resolves a relation target that points at another generated resource" name="buildAppRegistrationPlan cross-resource relation resolution resolves a relation target that points at another generated resource" time="0.018">
    </testcase>
    <testcase classname="buildAppRegistrationPlan cross-resource relation resolution resolves a relation target that lives in a module resource entity (no generated resource for it)" name="buildAppRegistrationPlan cross-resource relation resolution resolves a relation target that lives in a module resource entity (no generated resource for it)" time="0">
    </testcase>
    <testcase classname="buildAppRegistrationPlan cross-resource relation resolution resolves a relation target supplied via a () =&gt; Class thunk" name="buildAppRegistrationPlan cross-resource relation resolution resolves a relation target supplied via a () =&gt; Class thunk" time="0">
    </testcase>
    <testcase classname="buildAppRegistrationPlan cross-resource relation resolution resolves self-referential relations (parent: PetEntity)" name="buildAppRegistrationPlan cross-resource relation resolution resolves self-referential relations (parent: PetEntity)" time="0.001">
    </testcase>
    <testcase classname="buildAppRegistrationPlan cross-resource relation resolution throws with the entity name when the target is not registered anywhere" name="buildAppRegistrationPlan cross-resource relation resolution throws with the entity name when the target is not registered anywhere" time="0.003">
    </testcase>
    <testcase classname="buildAppRegistrationPlan cross-bundle entity registration is fail-fast throws when an entity is registered under different keys across bundles" name="buildAppRegistrationPlan cross-bundle entity registration is fail-fast throws when an entity is registered under different keys across bundles" time="0.001">
    </testcase>
    <testcase classname="buildAppRegistrationPlan cross-bundle entity registration is fail-fast throws when an entity is registered under the SAME key across bundles (no idempotent dedup)" name="buildAppRegistrationPlan cross-bundle entity registration is fail-fast throws when an entity is registered under the SAME key across bundles (no idempotent dedup)" time="0.001">
    </testcase>
    <testcase classname="buildAppRegistrationPlan sub-resource flattening flattens a single nested sub-resource into the resources array" name="buildAppRegistrationPlan sub-resource flattening flattens a single nested sub-resource into the resources array" time="0.001">
    </testcase>
    <testcase classname="buildAppRegistrationPlan sub-resource flattening flattens N-level nested sub-resources recursively" name="buildAppRegistrationPlan sub-resource flattening flattens N-level nested sub-resources recursively" time="0.001">
    </testcase>
    <testcase classname="buildAppRegistrationPlan sub-resource flattening contributes the sub entity to repositoryPersistence" name="buildAppRegistrationPlan sub-resource flattening contributes the sub entity to repositoryPersistence" time="0">
    </testcase>
    <testcase classname="buildAppRegistrationPlan sub-resource flattening validates sub-resource relations against the same entity index" name="buildAppRegistrationPlan sub-resource flattening validates sub-resource relations against the same entity index" time="0.001">
    </testcase>
    <testcase classname="buildAppRegistrationPlan sub-resource flattening handles a mixed input: one parent with subs, another sibling without (council gap)" name="buildAppRegistrationPlan sub-resource flattening handles a mixed input: one parent with subs, another sibling without (council gap)" time="0">
    </testcase>
    <testcase classname="buildAppRegistrationPlan sub-resource flattening throws when a sub-resource KEY collides with another resource on a different entity (council gap)" name="buildAppRegistrationPlan sub-resource flattening throws when a sub-resource KEY collides with another resource on a different entity (council gap)" time="0.001">
    </testcase>
    <testcase classname="buildAppRegistrationPlan per-entity adapter overrides routes `userMetadata.entity` through `userMetadata.repository` when the override is set" name="buildAppRegistrationPlan per-entity adapter overrides routes `userMetadata.entity` through `userMetadata.repository` when the override is set" time="0">
    </testcase>
    <testcase classname="buildAppRegistrationPlan per-entity adapter overrides routes a feature-bundle entity through `entry.repository` when the per-entity override is set" name="buildAppRegistrationPlan per-entity adapter overrides routes a feature-bundle entity through `entry.repository` when the per-entity override is set" time="0.001">
    </testcase>
    <testcase classname="buildAppRegistrationPlan per-entity adapter overrides uses the root `repository` when a feature-bundle entity has no override" name="buildAppRegistrationPlan per-entity adapter overrides uses the root `repository` when a feature-bundle entity has no override" time="0">
    </testcase>
    <testcase classname="buildAppRegistrationPlan per-entity adapter overrides throws when a feature-bundle entity has no override AND no root `repository` is supplied" name="buildAppRegistrationPlan per-entity adapter overrides throws when a feature-bundle entity has no override AND no root `repository` is supplied" time="0.002">
    </testcase>
    <testcase classname="buildAppRegistrationPlan CRUD adapter inheritance from root routes a CRUD bundle (no `persistence.module`) through the root `repository`" name="buildAppRegistrationPlan CRUD adapter inheritance from root routes a CRUD bundle (no `persistence.module`) through the root `repository`" time="0">
    </testcase>
    <testcase classname="buildAppRegistrationPlan CRUD adapter inheritance from root honours an explicit `repository` override on a CRUD bundle (root NOT used for that row)" name="buildAppRegistrationPlan CRUD adapter inheritance from root honours an explicit `repository` override on a CRUD bundle (root NOT used for that row)" time="0.002">
    </testcase>
    <testcase classname="buildAppRegistrationPlan CRUD adapter inheritance from root throws when CRUD has no `persistence.module` and no root `repository` is supplied" name="buildAppRegistrationPlan CRUD adapter inheritance from root throws when CRUD has no `persistence.module` and no root `repository` is supplied" time="0.001">
    </testcase>
    <testcase classname="buildAppRegistrationPlan CRUD adapter inheritance from root validates relations when root `repository` is supplied" name="buildAppRegistrationPlan CRUD adapter inheritance from root validates relations when root `repository` is supplied" time="0">
    </testcase>
  </testsuite>
  <testsuite name="defineResource" errors="0" failures="0" skipped="0" timestamp="2026-07-10T13:34:10" time="6.055" tests="91">
    <testcase classname="defineResource validation throws when explicit key is empty" name="defineResource validation throws when explicit key is empty" time="0.117">
    </testcase>
    <testcase classname="defineResource validation derives key from entity class name when omitted" name="defineResource validation derives key from entity class name when omitted" time="0.005">
    </testcase>
    <testcase classname="defineResource validation explicit key wins over derived" name="defineResource validation explicit key wins over derived" time="0.005">
    </testcase>
    <testcase classname="defineResource validation throws when entity is not a constructor" name="defineResource validation throws when entity is not a constructor" time="0.002">
    </testcase>
    <testcase classname="defineResource validation derives path from key when omitted (kebab-case + pluralize)" name="defineResource validation derives path from key when omitted (kebab-case + pluralize)" time="0.001">
    </testcase>
    <testcase classname="defineResource validation derives tags from key when omitted (humanise + pluralise the last word)" name="defineResource validation derives tags from key when omitted (humanise + pluralise the last word)" time="0.001">
    </testcase>
    <testcase classname="defineResource validation throws when path is provided but empty" name="defineResource validation throws when path is provided but empty" time="0.001">
    </testcase>
    <testcase classname="defineResource validation throws when tags is provided but empty" name="defineResource validation throws when tags is provided but empty" time="0.002">
    </testcase>
    <testcase classname="defineResource validation throws when operations array is empty" name="defineResource validation throws when operations array is empty" time="0">
    </testcase>
    <testcase classname="defineResource bundle shape returns { core, persistence, meta }" name="defineResource bundle shape returns { core, persistence, meta }" time="0.002">
    </testcase>
    <testcase classname="defineResource bundle shape meta.key matches the definition key" name="defineResource bundle shape meta.key matches the definition key" time="0">
    </testcase>
    <testcase classname="defineResource bundle shape leaves persistence.module undefined when not declared (aggregator falls back to root)" name="defineResource bundle shape leaves persistence.module undefined when not declared (aggregator falls back to root)" time="0">
    </testcase>
    <testcase classname="defineResource bundle shape preserves the repository adapter when the definition declares one" name="defineResource bundle shape preserves the repository adapter when the definition declares one" time="0">
    </testcase>
    <testcase classname="defineResource bundle shape persistence.entity has { key, entity } from the definition" name="defineResource bundle shape persistence.entity has { key, entity } from the definition" time="0.001">
    </testcase>
    <testcase classname="defineResource bundle shape derives persistence.entity.relations from top-level relations entries carrying federation/distinctFilter flags" name="defineResource bundle shape derives persistence.entity.relations from top-level relations entries carrying federation/distinctFilter flags" time="0.004">
    </testcase>
    <testcase classname="defineResource bundle shape uses `propertyName` as the persistence relations map key" name="defineResource bundle shape uses `propertyName` as the persistence relations map key" time="0">
    </testcase>
    <testcase classname="defineResource bundle shape omits persistence.entity.relations when relations carry no persistence flags" name="defineResource bundle shape omits persistence.entity.relations when relations carry no persistence flags" time="0">
    </testcase>
    <testcase classname="defineResource defaults uses the explicit top-level path unchanged" name="defineResource defaults uses the explicit top-level path unchanged" time="0">
    </testcase>
    <testcase classname="defineResource defaults exposes 5 default operations (list/read/create/update/delete)" name="defineResource defaults exposes 5 default operations (list/read/create/update/delete)" time="0.001">
    </testcase>
    <testcase classname="defineResource defaults defaults the operation resolver to CrudOperationResolver" name="defineResource defaults defaults the operation resolver to CrudOperationResolver" time="0">
    </testcase>
    <testcase classname="defineResource relations preserves the full relation entry on meta.relations for buildAppRegistrationPlan validation" name="defineResource relations preserves the full relation entry on meta.relations for buildAppRegistrationPlan validation" time="0.001">
    </testcase>
    <testcase classname="defineResource relations keeps include=never entries on meta.relations even though they are hidden from the controller" name="defineResource relations keeps include=never entries on meta.relations even though they are hidden from the controller" time="0.001">
    </testcase>
    <testcase classname="defineResource relations rejects duplicate propertyNames pointing at the same source property" name="defineResource relations rejects duplicate propertyNames pointing at the same source property" time="0.003">
    </testcase>
    <testcase classname="defineResource relations accepts a `() =&gt; Class` thunk target for circular imports" name="defineResource relations accepts a `() =&gt; Class` thunk target for circular imports" time="0">
    </testcase>
    <testcase classname="defineResource relations builder form invokes the builder with a source-bound relation helper and produces equivalent entries" name="defineResource relations builder form invokes the builder with a source-bound relation helper and produces equivalent entries" time="0.001">
    </testcase>
    <testcase classname="defineResource relations builder form binds the source to the resource entity automatically" name="defineResource relations builder form binds the source to the resource entity automatically" time="0">
    </testcase>
    <testcase classname="defineResource relations builder form forwards options (federated, distinctFilter, include) verbatim" name="defineResource relations builder form forwards options (federated, distinctFilter, include) verbatim" time="0">
    </testcase>
    <testcase classname="defineResource relations builder form supports self-references via thunk inside the builder" name="defineResource relations builder form supports self-references via thunk inside the builder" time="0.001">
    </testcase>
    <testcase classname="defineResource relations builder form feeds persistence relations from builder-produced entries" name="defineResource relations builder form feeds persistence relations from builder-produced entries" time="0">
    </testcase>
    <testcase classname="defineResource relations builder form feeds controller joins from builder-produced entries (skipping include=never)" name="defineResource relations builder form feeds controller joins from builder-produced entries (skipping include=never)" time="0.001">
    </testcase>
    <testcase classname="defineResource relations builder form rejects duplicate propertyNames inside the builder return" name="defineResource relations builder form rejects duplicate propertyNames inside the builder return" time="0.002">
    </testcase>
    <testcase classname="defineResource relations builder form treats an empty builder return as no relations" name="defineResource relations builder form treats an empty builder return as no relations" time="0.001">
    </testcase>
    <testcase classname="defineResource relations builder form invokes the builder exactly once per defineResource call" name="defineResource relations builder form invokes the builder exactly once per defineResource call" time="0.001">
    </testcase>
    <testcase classname="defineResource relations: builder vs array equivalence produces an equal meta.relations payload regardless of input form" name="defineResource relations: builder vs array equivalence produces an equal meta.relations payload regardless of input form" time="0">
    </testcase>
    <testcase classname="defineResource relations: builder vs array equivalence produces an equal persistence.entity.relations payload regardless of input form" name="defineResource relations: builder vs array equivalence produces an equal persistence.entity.relations payload regardless of input form" time="0">
    </testcase>
    <testcase classname="defineResource providers auto-registration auto-registers referenced handlers and hooks by default" name="defineResource providers auto-registration auto-registers referenced handlers and hooks by default" time="0">
    </testcase>
    <testcase classname="defineResource providers auto-registration dedupes providers so a class referenced twice appears once" name="defineResource providers auto-registration dedupes providers so a class referenced twice appears once" time="0">
    </testcase>
    <testcase classname="defineResource providers auto-registration does not auto-register handlers when autoRegisterHandlers=false" name="defineResource providers auto-registration does not auto-register handlers when autoRegisterHandlers=false" time="0">
    </testcase>
    <testcase classname="defineResource dto wiring uses supplied DTOs for create/update request bodies" name="defineResource dto wiring uses supplied DTOs for create/update request bodies" time="0.003">
    </testcase>
    <testcase classname="defineResource dto wiring auto-generates paginated response when only response is supplied" name="defineResource dto wiring auto-generates paginated response when only response is supplied" time="0.001">
    </testcase>
    <testcase classname="defineResource public flag + decorators (root-level) respects public:true (no ApiBearerAuth decorator added)" name="defineResource public flag + decorators (root-level) respects public:true (no ApiBearerAuth decorator added)" time="0">
    </testcase>
    <testcase classname="defineResource public flag + decorators (root-level) appends root-level `decorators` to the controller" name="defineResource public flag + decorators (root-level) appends root-level `decorators` to the controller" time="0">
    </testcase>
    <testcase classname="defineResource operations object form (keyed) enables the listed ops only" name="defineResource operations object form (keyed) enables the listed ops only" time="0.01">
    </testcase>
    <testcase classname="defineResource operations object form (keyed) promotes per-op response to dto.response when read+list agree" name="defineResource operations object form (keyed) promotes per-op response to dto.response when read+list agree" time="0.001">
    </testcase>
    <testcase classname="defineResource operations object form (keyed) throws when read.output and list.output differ" name="defineResource operations object form (keyed) throws when read.output and list.output differ" time="0.002">
    </testcase>
    <testcase classname="defineResource operations object form (keyed) does NOT promote when consumer declares dto.response explicitly" name="defineResource operations object form (keyed) does NOT promote when consumer declares dto.response explicitly" time="0.002">
    </testcase>
    <testcase classname="defineResource operations object form (keyed) routes per-op handler to the correct slot" name="defineResource operations object form (keyed) routes per-op handler to the correct slot" time="0">
    </testcase>
    <testcase classname="defineResource operations object form (keyed) maps delete: { soft: true } to Operation.SoftDelete" name="defineResource operations object form (keyed) maps delete: { soft: true } to Operation.SoftDelete" time="0">
    </testcase>
    <testcase classname="defineResource operations object form (keyed) maps delete: {} (or soft: false) to Operation.Delete" name="defineResource operations object form (keyed) maps delete: {} (or soft: false) to Operation.Delete" time="0.001">
    </testcase>
    <testcase classname="defineResource operations object form (keyed) throws when restore is declared without delete.soft = true" name="defineResource operations object form (keyed) throws when restore is declared without delete.soft = true" time="0">
    </testcase>
    <testcase classname="defineResource operations object form (keyed) accepts restore when delete.soft = true" name="defineResource operations object form (keyed) accepts restore when delete.soft = true" time="0.001">
    </testcase>
    <testcase classname="defineResource operations object form (keyed) throws when an op declares both input and requestOverride.body" name="defineResource operations object form (keyed) throws when an op declares both input and requestOverride.body" time="0.001">
    </testcase>
    <testcase classname="defineResource operations object form (keyed) throws when an op declares both output and responseOverride.resource" name="defineResource operations object form (keyed) throws when an op declares both output and responseOverride.resource" time="0.001">
    </testcase>
    <testcase classname="defineResource operations object form (keyed) throws when an empty operations object is supplied" name="defineResource operations object form (keyed) throws when an empty operations object is supplied" time="0.001">
    </testcase>
    <testcase classname="defineResource operations object form (keyed) forwards op-level decorators and hooks to the per-op override" name="defineResource operations object form (keyed) forwards op-level decorators and hooks to the per-op override" time="0">
    </testcase>
    <testcase classname="defineResource operations object form (keyed) forwards path / methodName / transactional to the per-op override" name="defineResource operations object form (keyed) forwards path / methodName / transactional to the per-op override" time="0">
    </testcase>
    <testcase classname="defineResource operations array form — handler validation throws when a handler is declared for an op not in the array" name="defineResource operations array form — handler validation throws when a handler is declared for an op not in the array" time="0.001">
    </testcase>
    <testcase classname="defineResource operations array form — handler validation accepts handlers that match enabled operations" name="defineResource operations array form — handler validation accepts handlers that match enabled operations" time="0">
    </testcase>
    <testcase classname="defineResource subResources nested form returns no `subResources` field when none are declared" name="defineResource subResources nested form returns no `subResources` field when none are declared" time="0">
    </testcase>
    <testcase classname="defineResource subResources nested form materialises a single sub-resource into a full bundle" name="defineResource subResources nested form materialises a single sub-resource into a full bundle" time="0.001">
    </testcase>
    <testcase classname="defineResource subResources nested form composes the path as &lt;parent.path&gt;/:&lt;parentKey&gt;/&lt;segment&gt;" name="defineResource subResources nested form composes the path as &lt;parent.path&gt;/:&lt;parentKey&gt;/&lt;segment&gt;" time="0">
    </testcase>
    <testcase classname="defineResource subResources nested form honors explicit parentKey override" name="defineResource subResources nested form honors explicit parentKey override" time="0.002">
    </testcase>
    <testcase classname="defineResource subResources nested form inherits parent tags when sub does not declare tags" name="defineResource subResources nested form inherits parent tags when sub does not declare tags" time="0">
    </testcase>
    <testcase classname="defineResource subResources nested form overrides tags when sub declares its own" name="defineResource subResources nested form overrides tags when sub declares its own" time="0.001">
    </testcase>
    <testcase classname="defineResource subResources nested form defaults owner to userId (guard injected) when owner is omitted" name="defineResource subResources nested form defaults owner to userId (guard injected) when owner is omitted" time="0">
    </testcase>
    <testcase classname="defineResource subResources nested form auto-injects PathScopeGuard into sub providers when owner is declared" name="defineResource subResources nested form auto-injects PathScopeGuard into sub providers when owner is declared" time="0.001">
    </testcase>
    <testcase classname="defineResource subResources nested form honors owner override when auto-binding the guard" name="defineResource subResources nested form honors owner override when auto-binding the guard" time="0.003">
    </testcase>
    <testcase classname="defineResource subResources nested form does NOT auto-inject AfterCreateReloadHook by default (opt-in)" name="defineResource subResources nested form does NOT auto-inject AfterCreateReloadHook by default (opt-in)" time="0.002">
    </testcase>
    <testcase classname="defineResource subResources nested form opts in to AfterCreateReloadHook when reloadAfterCreate is true" name="defineResource subResources nested form opts in to AfterCreateReloadHook when reloadAfterCreate is true" time="0.002">
    </testcase>
    <testcase classname="defineResource subResources nested form skips the auto guard when owner is false" name="defineResource subResources nested form skips the auto guard when owner is false" time="0.001">
    </testcase>
    <testcase classname="defineResource subResources nested form throws at runtime when an empty-string segment key slips through (defence in depth)" name="defineResource subResources nested form throws at runtime when an empty-string segment key slips through (defence in depth)" time="0.003">
    </testcase>
    <testcase classname="defineResource subResources nested form produces a separate persistence entry for the sub entity" name="defineResource subResources nested form produces a separate persistence entry for the sub entity" time="0">
    </testcase>
    <testcase classname="defineResource subResources nested form inherits parent persistence module when sub does not declare one" name="defineResource subResources nested form inherits parent persistence module when sub does not declare one" time="0">
    </testcase>
    <testcase classname="defineResource subResources nested form composes deeply nested sub-resources (N-level)" name="defineResource subResources nested form composes deeply nested sub-resources (N-level)" time="0.001">
    </testcase>
    <testcase classname="defineResource subResources nested form composes a 3-level path (a/:aId/b/:bId/c/:cId/d)" name="defineResource subResources nested form composes a 3-level path (a/:aId/b/:bId/c/:cId/d)" time="0.001">
    </testcase>
    <testcase classname="defineResource subResources nested form composes the path for every entry when parent path is an array" name="defineResource subResources nested form composes the path for every entry when parent path is an array" time="0">
    </testcase>
    <testcase classname="defineResource subResources nested form strips trailing slash on parent path before composition" name="defineResource subResources nested form strips trailing slash on parent path before composition" time="0.001">
    </testcase>
    <testcase classname="defineResource subResources nested form kebab-cases the segment key for the URL by default (camelCase → kebab-case)" name="defineResource subResources nested form kebab-cases the segment key for the URL by default (camelCase → kebab-case)" time="0">
    </testcase>
    <testcase classname="defineResource subResources nested form rejects a sub-resource whose entity does not match the parent relation element type (compile-time)" name="defineResource subResources nested form rejects a sub-resource whose entity does not match the parent relation element type (compile-time)" time="0">
    </testcase>
    <testcase classname="defineResource subResources nested form accepts a thunk `() =&gt; Class` for the sub entity (db-agnostic, circular-import safe)" name="defineResource subResources nested form accepts a thunk `() =&gt; Class` for the sub entity (db-agnostic, circular-import safe)" time="0.001">
    </testcase>
    <testcase classname="defineResource subResources nested form honors segment override (decouples URL from entity property)" name="defineResource subResources nested form honors segment override (decouples URL from entity property)" time="0">
    </testcase>
    <testcase classname="defineResource operations object form — replace op (council gap #7) keyed replace op routes body and registers Operation.Replace" name="defineResource operations object form — replace op (council gap #7) keyed replace op routes body and registers Operation.Replace" time="0">
    </testcase>
    <testcase classname="defineResource operations object form — replace op (council gap #7) routes the per-op handler to the replace slot" name="defineResource operations object form — replace op (council gap #7) routes the per-op handler to the replace slot" time="0">
    </testcase>
    <testcase classname="defineResource returnDeleted / returnRestored response flags (council gap #8) returnDeleted: true attaches to the SoftDelete operation response" name="defineResource returnDeleted / returnRestored response flags (council gap #8) returnDeleted: true attaches to the SoftDelete operation response" time="0.009">
    </testcase>
    <testcase classname="defineResource returnDeleted / returnRestored response flags (council gap #8) returnRestored: true attaches to the Restore operation response" name="defineResource returnDeleted / returnRestored response flags (council gap #8) returnRestored: true attaches to the Restore operation response" time="0.016">
    </testcase>
    <testcase classname="defineResource returnDeleted / returnRestored response flags (council gap #8) all four flags simultaneously: soft + returnDeleted + restore + returnRestored" name="defineResource returnDeleted / returnRestored response flags (council gap #8) all four flags simultaneously: soft + returnDeleted + restore + returnRestored" time="0.013">
    </testcase>
    <testcase classname="defineResource returnDeleted / returnRestored response flags (council gap #8) returnDeleted: false explicitly attaches to the response (not omitted)" name="defineResource returnDeleted / returnRestored response flags (council gap #8) returnDeleted: false explicitly attaches to the response (not omitted)" time="0.001">
    </testcase>
    <testcase classname="defineResource legacy dto fallback alongside keyed operations (council gap #7) falls back to dto.create when keyed operations.create omits body" name="defineResource legacy dto fallback alongside keyed operations (council gap #7) falls back to dto.create when keyed operations.create omits body" time="0.002">
    </testcase>
    <testcase classname="defineResource legacy dto fallback alongside keyed operations (council gap #7) falls back to dto.update when keyed operations.update omits body" name="defineResource legacy dto fallback alongside keyed operations (council gap #7) falls back to dto.update when keyed operations.update omits body" time="0.001">
    </testcase>
    <testcase classname="defineResource legacy dto fallback alongside keyed operations (council gap #7) per-op body wins over dto.create fallback" name="defineResource legacy dto fallback alongside keyed operations (council gap #7) per-op body wins over dto.create fallback" time="0.002">
    </testcase>
    <testcase classname="defineResource body + requestOverride co-existence (legitimate use case) accepts body + requestOverride.params together" name="defineResource body + requestOverride co-existence (legitimate use case) accepts body + requestOverride.params together" time="0">
    </testcase>
  </testsuite>
  <testsuite name="FirebaseAuthAdapter" errors="0" failures="0" skipped="0" timestamp="2026-07-10T13:34:10" time="6.211" tests="12">
    <testcase classname="FirebaseAuthAdapter no credential returns matched: false when no Authorization header is present" name="FirebaseAuthAdapter no credential returns matched: false when no Authorization header is present" time="0.243">
    </testcase>
    <testcase classname="FirebaseAuthAdapter no credential returns matched: false when Authorization header uses a non-Bearer scheme" name="FirebaseAuthAdapter no credential returns matched: false when Authorization header uses a non-Bearer scheme" time="0.004">
    </testcase>
    <testcase classname="FirebaseAuthAdapter no credential returns matched: false for an empty Bearer value" name="FirebaseAuthAdapter no credential returns matched: false for an empty Bearer value" time="0.002">
    </testcase>
    <testcase classname="FirebaseAuthAdapter verifier failures maps a generic verify failure to FirebaseTokenInvalidException" name="FirebaseAuthAdapter verifier failures maps a generic verify failure to FirebaseTokenInvalidException" time="0.011">
    </testcase>
    <testcase classname="FirebaseAuthAdapter verifier failures maps `auth/id-token-revoked` to FirebaseTokenRevokedException" name="FirebaseAuthAdapter verifier failures maps `auth/id-token-revoked` to FirebaseTokenRevokedException" time="0.003">
    </testcase>
    <testcase classname="FirebaseAuthAdapter verifier failures handles non-Error rejections from the verifier" name="FirebaseAuthAdapter verifier failures handles non-Error rejections from the verifier" time="0.003">
    </testcase>
    <testcase classname="FirebaseAuthAdapter verifier failures forwards `checkRevoked` from module options to the verifier" name="FirebaseAuthAdapter verifier failures forwards `checkRevoked` from module options to the verifier" time="0.004">
    </testcase>
    <testcase classname="FirebaseAuthAdapter decoded token validation returns FirebaseTokenMissingSubjectException when decoded token has no uid" name="FirebaseAuthAdapter decoded token validation returns FirebaseTokenMissingSubjectException when decoded token has no uid" time="0.002">
    </testcase>
    <testcase classname="FirebaseAuthAdapter user resolver returns the AuthorizedUser when everything is happy" name="FirebaseAuthAdapter user resolver returns the AuthorizedUser when everything is happy" time="0.003">
    </testcase>
    <testcase classname="FirebaseAuthAdapter user resolver omits email when the token does not carry one" name="FirebaseAuthAdapter user resolver omits email when the token does not carry one" time="0.003">
    </testcase>
    <testcase classname="FirebaseAuthAdapter user resolver wraps unknown resolver failures in FirebaseAuthException" name="FirebaseAuthAdapter user resolver wraps unknown resolver failures in FirebaseAuthException" time="0.015">
    </testcase>
    <testcase classname="FirebaseAuthAdapter user resolver lets FirebaseAuthException from the resolver propagate as-is" name="FirebaseAuthAdapter user resolver lets FirebaseAuthException from the resolver propagate as-is" time="0.004">
    </testcase>
  </testsuite>
  <testsuite name="zodModuleResource" errors="0" failures="0" skipped="0" timestamp="2026-07-10T13:34:10" time="6.137" tests="2">
    <testcase classname="zodModuleResource accepts zod schema-backed entities and classic entity classes together" name="zodModuleResource accepts zod schema-backed entities and classic entity classes together" time="0.006">
    </testcase>
    <testcase classname="zodModuleResource uses the bound compiler and preserves per-entity metadata" name="zodModuleResource uses the bound compiler and preserves per-entity metadata" time="0">
    </testcase>
  </testsuite>
  <testsuite name="compileEntity" errors="0" failures="0" skipped="0" timestamp="2026-07-10T13:34:10" time="6.351" tests="5">
    <testcase classname="compileEntity maps scalar fields, audit columns and composite constraints" name="compileEntity maps scalar fields, audit columns and composite constraints" time="0.013">
    </testcase>
    <testcase classname="compileEntity maps FK manyToOne with JoinColumn and onDelete" name="compileEntity maps FK manyToOne with JoinColumn and onDelete" time="0.001">
    </testcase>
    <testcase classname="compileEntity maps hasMany inverse without a column on the parent" name="compileEntity maps hasMany inverse without a column on the parent" time="0.004">
    </testcase>
    <testcase classname="compileEntity skips compute fields — no column emitted" name="compileEntity skips compute fields — no column emitted" time="0.001">
    </testcase>
    <testcase classname="compileEntity throws for unsupported zod types without db.column override" name="compileEntity throws for unsupported zod types without db.column override" time="0.017">
    </testcase>
  </testsuite>
  <testsuite name="Handler Override Pattern" errors="0" failures="0" skipped="0" timestamp="2026-07-10T13:34:10" time="6.481" tests="22">
    <testcase classname="Handler Override Pattern SignupModule.register() with signupHandler override should use default handler when signupHandler not provided" name="Handler Override Pattern SignupModule.register() with signupHandler override should use default handler when signupHandler not provided" time="0.021">
    </testcase>
    <testcase classname="Handler Override Pattern SignupModule.register() with signupHandler override should use custom handler when signupHandler provided" name="Handler Override Pattern SignupModule.register() with signupHandler override should use custom handler when signupHandler provided" time="0.001">
    </testcase>
    <testcase classname="Handler Override Pattern SignupModule.register() with signupHandler override should not include default handler when custom handler provided" name="Handler Override Pattern SignupModule.register() with signupHandler override should not include default handler when custom handler provided" time="0.002">
    </testcase>
    <testcase classname="Handler Override Pattern AdminModule.register() with adminList override should use default list handler when not provided" name="Handler Override Pattern AdminModule.register() with adminList override should use default list handler when not provided" time="0.004">
    </testcase>
    <testcase classname="Handler Override Pattern AdminModule.register() with adminList override should use custom list handler when provided" name="Handler Override Pattern AdminModule.register() with adminList override should use custom list handler when provided" time="0.004">
    </testcase>
    <testcase classname="Handler Override Pattern AdminModule.register() with adminList override should not include default list handler when custom provided" name="Handler Override Pattern AdminModule.register() with adminList override should not include default list handler when custom provided" time="0.001">
    </testcase>
    <testcase classname="Handler Override Pattern AdminModule.register() with adminRead override should use default read handler when not provided" name="Handler Override Pattern AdminModule.register() with adminRead override should use default read handler when not provided" time="0.001">
    </testcase>
    <testcase classname="Handler Override Pattern AdminModule.register() with adminRead override should use custom read handler when provided" name="Handler Override Pattern AdminModule.register() with adminRead override should use custom read handler when provided" time="0.001">
    </testcase>
    <testcase classname="Handler Override Pattern AdminModule.register() with adminRead override should not include default read handler when custom provided" name="Handler Override Pattern AdminModule.register() with adminRead override should not include default read handler when custom provided" time="0.004">
    </testcase>
    <testcase classname="Handler Override Pattern AdminModule.register() with adminList and adminRead both overridden should register only custom list and read handlers, not defaults" name="Handler Override Pattern AdminModule.register() with adminList and adminRead both overridden should register only custom list and read handlers, not defaults" time="0.001">
    </testcase>
    <testcase classname="Handler Override Pattern AdminModule.register() with adminUpdate override should use default update handler when not provided" name="Handler Override Pattern AdminModule.register() with adminUpdate override should use default update handler when not provided" time="0.004">
    </testcase>
    <testcase classname="Handler Override Pattern AdminModule.register() with adminUpdate override should use custom update handler when provided" name="Handler Override Pattern AdminModule.register() with adminUpdate override should use custom update handler when provided" time="0.004">
    </testcase>
    <testcase classname="Handler Override Pattern AdminModule.register() with adminUpdate override should not include default update handler when custom provided" name="Handler Override Pattern AdminModule.register() with adminUpdate override should not include default update handler when custom provided" time="0.006">
    </testcase>
    <testcase classname="Handler Override Pattern AdminModule.register() with adminDelete override should use default delete handler when not provided" name="Handler Override Pattern AdminModule.register() with adminDelete override should use default delete handler when not provided" time="0.001">
    </testcase>
    <testcase classname="Handler Override Pattern AdminModule.register() with adminDelete override should use custom delete handler when provided" name="Handler Override Pattern AdminModule.register() with adminDelete override should use custom delete handler when provided" time="0.001">
    </testcase>
    <testcase classname="Handler Override Pattern AdminModule.register() with adminDelete override should not include default delete handler when custom provided" name="Handler Override Pattern AdminModule.register() with adminDelete override should not include default delete handler when custom provided" time="0.001">
    </testcase>
    <testcase classname="Handler Override Pattern RocketsAuthPortsModule.forRoot() handler overrides should use default handlers when no overrides provided" name="Handler Override Pattern RocketsAuthPortsModule.forRoot() handler overrides should use default handlers when no overrides provided" time="0">
    </testcase>
    <testcase classname="Handler Override Pattern RocketsAuthPortsModule.forRoot() handler overrides should use custom user handler when override provided" name="Handler Override Pattern RocketsAuthPortsModule.forRoot() handler overrides should use custom user handler when override provided" time="0">
    </testcase>
    <testcase classname="Handler Override Pattern RocketsAuthPortsModule.forRoot() handler overrides should use custom otp handler when override provided" name="Handler Override Pattern RocketsAuthPortsModule.forRoot() handler overrides should use custom otp handler when override provided" time="0.001">
    </testcase>
    <testcase classname="Handler Override Pattern RocketsAuthPortsModule.forRoot() handler overrides should keep other default handlers when only one is overridden" name="Handler Override Pattern RocketsAuthPortsModule.forRoot() handler overrides should keep other default handlers when only one is overridden" time="0.017">
    </testcase>
    <testcase classname="Handler Override Pattern RocketsAuthPortsModule.forRoot() handler overrides should export all providers" name="Handler Override Pattern RocketsAuthPortsModule.forRoot() handler overrides should export all providers" time="0.006">
    </testcase>
    <testcase classname="Handler Override Pattern RocketsAuthPortsModule.forRoot() handler overrides should be global" name="Handler Override Pattern RocketsAuthPortsModule.forRoot() handler overrides should be global" time="0.004">
    </testcase>
  </testsuite>
  <testsuite name="InvitationUserAcceptanceListener" errors="0" failures="0" skipped="0" timestamp="2026-07-10T13:34:10" time="7.489" tests="14">
    <testcase classname="InvitationUserAcceptanceListener handle should skip processing for non-user category invitations" name="InvitationUserAcceptanceListener handle should skip processing for non-user category invitations" time="0.525">
    </testcase>
    <testcase classname="InvitationUserAcceptanceListener handle should process user invitation with password successfully" name="InvitationUserAcceptanceListener handle should process user invitation with password successfully" time="0.066">
    </testcase>
    <testcase classname="InvitationUserAcceptanceListener handle should process invitation without password" name="InvitationUserAcceptanceListener handle should process invitation without password" time="0.003">
    </testcase>
    <testcase classname="InvitationUserAcceptanceListener handle should create user metadata when provided" name="InvitationUserAcceptanceListener handle should create user metadata when provided" time="0.002">
    </testcase>
    <testcase classname="InvitationUserAcceptanceListener handle should assign specific roleId from invitation constraints" name="InvitationUserAcceptanceListener handle should assign specific roleId from invitation constraints" time="0.005">
    </testcase>
    <testcase classname="InvitationUserAcceptanceListener handle should ignore roleId from acceptance payload (security test)" name="InvitationUserAcceptanceListener handle should ignore roleId from acceptance payload (security test)" time="0.003">
    </testcase>
    <testcase classname="InvitationUserAcceptanceListener handle should assign default role when roleId not in constraints" name="InvitationUserAcceptanceListener handle should assign default role when roleId not in constraints" time="0.002">
    </testcase>
    <testcase classname="InvitationUserAcceptanceListener handle should stop when user not found" name="InvitationUserAcceptanceListener handle should stop when user not found" time="0.003">
    </testcase>
    <testcase classname="InvitationUserAcceptanceListener handle should catch error when password creation fails" name="InvitationUserAcceptanceListener handle should catch error when password creation fails" time="0.004">
    </testcase>
    <testcase classname="InvitationUserAcceptanceListener handle should catch error when user update fails" name="InvitationUserAcceptanceListener handle should catch error when user update fails" time="0.006">
    </testcase>
    <testcase classname="InvitationUserAcceptanceListener handle should catch error when role assignment fails" name="InvitationUserAcceptanceListener handle should catch error when role assignment fails" time="0.01">
    </testcase>
    <testcase classname="InvitationUserAcceptanceListener handle should handle empty data payload" name="InvitationUserAcceptanceListener handle should handle empty data payload" time="0.014">
    </testcase>
    <testcase classname="InvitationUserAcceptanceListener handle should handle undefined data payload" name="InvitationUserAcceptanceListener handle should handle undefined data payload" time="0.002">
    </testcase>
    <testcase classname="InvitationUserAcceptanceListener Custom listener override should allow custom listener service to be used" name="InvitationUserAcceptanceListener Custom listener override should allow custom listener service to be used" time="0.004">
    </testcase>
  </testsuite>
  <testsuite name="RocketsAuthOtpPortService" errors="0" failures="0" skipped="0" timestamp="2026-07-10T13:34:16" time="1.225" tests="3">
    <testcase classname="RocketsAuthOtpPortService create dispatches RocketsCreateOtpCommand" name="RocketsAuthOtpPortService create dispatches RocketsCreateOtpCommand" time="0.013">
    </testcase>
    <testcase classname="RocketsAuthOtpPortService validate dispatches RocketsValidateOtpQuery" name="RocketsAuthOtpPortService validate dispatches RocketsValidateOtpQuery" time="0.005">
    </testcase>
    <testcase classname="RocketsAuthOtpPortService clear dispatches RocketsClearOtpsCommand" name="RocketsAuthOtpPortService clear dispatches RocketsClearOtpsCommand" time="0.001">
    </testcase>
  </testsuite>
  <testsuite name="firestore-where.translator" errors="0" failures="0" skipped="0" timestamp="2026-07-10T13:34:16" time="1.74" tests="6">
    <testcase classname="firestore-where.translator maps EQ on id to documentId" name="firestore-where.translator maps EQ on id to documentId" time="0.001">
    </testcase>
    <testcase classname="firestore-where.translator maps scalar comparisons to Firestore filters" name="firestore-where.translator maps scalar comparisons to Firestore filters" time="0">
    </testcase>
    <testcase classname="firestore-where.translator maps IN with at most 30 values" name="firestore-where.translator maps IN with at most 30 values" time="0.001">
    </testcase>
    <testcase classname="firestore-where.translator maps IS_NULL to post-filter" name="firestore-where.translator maps IS_NULL to post-filter" time="0">
    </testcase>
    <testcase classname="firestore-where.translator rejects range filters on multiple fields in one branch" name="firestore-where.translator rejects range filters on multiple fields in one branch" time="0.019">
    </testcase>
    <testcase classname="firestore-where.translator translateWhereClause supports top-level AND" name="firestore-where.translator translateWhereClause supports top-level AND" time="0">
    </testcase>
  </testsuite>
  <testsuite name="G9 — validateCurrent aggregate-spread bug" errors="0" failures="0" skipped="0" timestamp="2026-07-10T13:34:16" time="2.657" tests="4">
    <testcase classname="G9 — validateCurrent aggregate-spread bug Sanity — upstream `validateCurrent` returns true when given a plain POJO target" name="G9 — validateCurrent aggregate-spread bug Sanity — upstream `validateCurrent` returns true when given a plain POJO target" time="0.107">
    </testcase>
    <testcase classname="G9 — validateCurrent aggregate-spread bug BUG — upstream `validateCurrent` throws when target is an aggregate (passwordHash via getter)" name="G9 — validateCurrent aggregate-spread bug BUG — upstream `validateCurrent` throws when target is an aggregate (passwordHash via getter)" time="0.006">
    </testcase>
    <testcase classname="G9 — validateCurrent aggregate-spread bug FIX — RocketsValidateCurrentPasswordHandler normalizes the aggregate and validates correctly" name="G9 — validateCurrent aggregate-spread bug FIX — RocketsValidateCurrentPasswordHandler normalizes the aggregate and validates correctly" time="0.077">
    </testcase>
    <testcase classname="G9 — validateCurrent aggregate-spread bug FIX — RocketsValidateCurrentPasswordHandler also rejects a wrong password against the same aggregate" name="G9 — validateCurrent aggregate-spread bug FIX — RocketsValidateCurrentPasswordHandler also rejects a wrong password against the same aggregate" time="0.088">
    </testcase>
  </testsuite>
  <testsuite name="FirebaseAuthModule" errors="0" failures="0" skipped="0" timestamp="2026-07-10T13:34:16" time="3.134" tests="8">
    <testcase classname="FirebaseAuthModule throws at bootstrap when neither `firebaseApp` nor `verifier` is provided" name="FirebaseAuthModule throws at bootstrap when neither `firebaseApp` nor `verifier` is provided" time="0.015">
    </testcase>
    <testcase classname="FirebaseAuthModule wires the default verifier (firebase-admin wrapper) when only `firebaseApp` is provided" name="FirebaseAuthModule wires the default verifier (firebase-admin wrapper) when only `firebaseApp` is provided" time="0.216">
    </testcase>
    <testcase classname="FirebaseAuthModule prefers a custom `verifier` class over `firebaseApp`" name="FirebaseAuthModule prefers a custom `verifier` class over `firebaseApp`" time="0.003">
    </testcase>
    <testcase classname="FirebaseAuthModule wires a custom `userResolver` when supplied" name="FirebaseAuthModule wires a custom `userResolver` when supplied" time="0.002">
    </testcase>
    <testcase classname="FirebaseAuthModule resolves a custom `userResolver` class with injected dependencies" name="FirebaseAuthModule resolves a custom `userResolver` class with injected dependencies" time="0.019">
    </testcase>
    <testcase classname="FirebaseAuthModule wires async options from `useFactory`" name="FirebaseAuthModule wires async options from `useFactory`" time="0.002">
    </testcase>
    <testcase classname="FirebaseAuthModule produces a working adapter end-to-end through the module" name="FirebaseAuthModule produces a working adapter end-to-end through the module" time="0.006">
    </testcase>
    <testcase classname="FirebaseAuthModule returns a `global: true` dynamic module so downstream modules can inject FirebaseAuthAdapter without importing FirebaseAuthModule directly" name="FirebaseAuthModule returns a `global: true` dynamic module so downstream modules can inject FirebaseAuthAdapter without importing FirebaseAuthModule directly" time="0.001">
    </testcase>
  </testsuite>
  <testsuite name="firestore" errors="0" failures="0" skipped="0" timestamp="2026-07-10T13:34:16" time="2.5" tests="7">
    <testcase classname="firestore forRoot returns a global module after resolving the backend" name="firestore forRoot returns a global module after resolving the backend" time="0.005">
    </testcase>
    <testcase classname="firestore forRoot fails fast when Firebase Admin is not initialized" name="firestore forRoot fails fast when Firebase Admin is not initialized" time="0.029">
    </testcase>
    <testcase classname="firestore registers a global dynamic module" name="firestore registers a global dynamic module" time="0.001">
    </testcase>
    <testcase classname="firestore persists and reads through an explicit in-memory backend" name="firestore persists and reads through an explicit in-memory backend" time="0.277">
    </testcase>
    <testcase classname="firestore applies take and skip" name="firestore applies take and skip" time="0.034">
    </testcase>
    <testcase classname="firestore soft-deletes and restores when dateRemoved is present on the entity" name="firestore soft-deletes and restores when dateRemoved is present on the entity" time="0.045">
    </testcase>
    <testcase classname="firestore findAndCount returns total without take" name="firestore findAndCount returns total without take" time="0.013">
    </testcase>
  </testsuite>
  <testsuite name="UserModule" errors="0" failures="0" skipped="0" timestamp="2026-07-10T13:34:17" time="2.455" tests="1">
    <testcase classname="UserModule register() loads MeController" name="UserModule register() loads MeController" time="0.283">
    </testcase>
  </testsuite>
  <testsuite name="PathScopeGuard.for()" errors="0" failures="0" skipped="0" timestamp="2026-07-10T13:34:18" time="1.978" tests="8">
    <testcase classname="PathScopeGuard.for() returns the same subclass for identical (param, key, column) triples" name="PathScopeGuard.for() returns the same subclass for identical (param, key, column) triples" time="0.002">
    </testcase>
    <testcase classname="PathScopeGuard.for() returns different subclasses for different triples" name="PathScopeGuard.for() returns different subclasses for different triples" time="0.001">
    </testcase>
    <testcase classname="PathScopeGuard.for() names the subclass using the binding triple" name="PathScopeGuard.for() names the subclass using the binding triple" time="0">
    </testcase>
    <testcase classname="PathScopeGuard.canActivate throws 401 when no authenticated actor on the request" name="PathScopeGuard.canActivate throws 401 when no authenticated actor on the request" time="0.238">
    </testcase>
    <testcase classname="PathScopeGuard.canActivate throws 404 when the parent param is missing" name="PathScopeGuard.canActivate throws 404 when the parent param is missing" time="0.001">
    </testcase>
    <testcase classname="PathScopeGuard.canActivate throws 404 when the parent does not exist (cannot probe existence)" name="PathScopeGuard.canActivate throws 404 when the parent does not exist (cannot probe existence)" time="0.003">
    </testcase>
    <testcase classname="PathScopeGuard.canActivate throws 404 when the parent exists but belongs to a different actor" name="PathScopeGuard.canActivate throws 404 when the parent exists but belongs to a different actor" time="0.001">
    </testcase>
    <testcase classname="PathScopeGuard.canActivate returns true when actor owns the parent" name="PathScopeGuard.canActivate returns true when actor owns the parent" time="0.001">
    </testcase>
  </testsuite>
  <testsuite name="OTP application handlers" errors="0" failures="0" skipped="0" timestamp="2026-07-10T13:34:18" time="1.999" tests="5">
    <testcase classname="OTP application handlers RocketsValidateOtpHandler returns null when upstream returns null and skips consume" name="OTP application handlers RocketsValidateOtpHandler returns null when upstream returns null and skips consume" time="0.015">
    </testcase>
    <testcase classname="OTP application handlers RocketsValidateOtpHandler returns assignee and consumes when valid + deleteIfValid" name="OTP application handlers RocketsValidateOtpHandler returns assignee and consumes when valid + deleteIfValid" time="0">
    </testcase>
    <testcase classname="OTP application handlers RocketsValidateOtpHandler skips consume when deleteIfValid=false even on success" name="OTP application handlers RocketsValidateOtpHandler skips consume when deleteIfValid=false even on success" time="0">
    </testcase>
    <testcase classname="OTP application handlers RocketsCreateOtpHandler dispatches CreateOtpCommand with assignment as namespace" name="OTP application handlers RocketsCreateOtpHandler dispatches CreateOtpCommand with assignment as namespace" time="0">
    </testcase>
    <testcase classname="OTP application handlers RocketsClearOtpsHandler dispatches ClearOtpsCommand with assignment as namespace" name="OTP application handlers RocketsClearOtpsHandler dispatches ClearOtpsCommand with assignment as namespace" time="0">
    </testcase>
  </testsuite>
  <testsuite name="whitelistedFromDto" errors="0" failures="0" skipped="0" timestamp="2026-07-10T13:34:19" time="1.823" tests="6">
    <testcase classname="whitelistedFromDto keeps only DTO fields (class-validator whitelist) and drops extra keys" name="whitelistedFromDto keeps only DTO fields (class-validator whitelist) and drops extra keys" time="0.014">
    </testcase>
    <testcase classname="whitelistedFromDto applies class-validator rules and throws BadRequestException on failure" name="whitelistedFromDto applies class-validator rules and throws BadRequestException on failure" time="0.005">
    </testcase>
    <testcase classname="whitelistedFromDto succeeds when the payload matches the DTO" name="whitelistedFromDto succeeds when the payload matches the DTO" time="0.001">
    </testcase>
    <testcase classname="whitelistedFromDto skipMissingProperties allows empty object when all fields optional" name="whitelistedFromDto skipMissingProperties allows empty object when all fields optional" time="0">
    </testcase>
    <testcase classname="whitelistedFromDto validates non-optional DTO properties (present but empty fails @IsNotEmpty)" name="whitelistedFromDto validates non-optional DTO properties (present but empty fails @IsNotEmpty)" time="0.001">
    </testcase>
    <testcase classname="whitelistedFromDto validates format when decorators demand it (UUID example)" name="whitelistedFromDto validates format when decorators demand it (UUID example)" time="0.005">
    </testcase>
  </testsuite>
  <testsuite name="RocketsAuthRoleAdminModule.register" errors="0" failures="0" skipped="0" timestamp="2026-07-10T13:34:18" time="2.716" tests="1">
    <testcase classname="RocketsAuthRoleAdminModule.register builds CrudModule feature with paginated admin DTO" name="RocketsAuthRoleAdminModule.register builds CrudModule feature with paginated admin DTO" time="0.037">
    </testcase>
  </testsuite>
  <testsuite name="rocketsAuthOptionsDefaultConfig" errors="0" failures="0" skipped="0" timestamp="2026-07-10T13:34:20" time="1.293" tests="4">
    <testcase classname="rocketsAuthOptionsDefaultConfig falls back to &quot;admin&quot; / &quot;user&quot; role names when env vars unset" name="rocketsAuthOptionsDefaultConfig falls back to &quot;admin&quot; / &quot;user&quot; role names when env vars unset" time="0.002">
    </testcase>
    <testcase classname="rocketsAuthOptionsDefaultConfig reads ADMIN_ROLE_NAME and DEFAULT_USER_ROLE_NAME from env" name="rocketsAuthOptionsDefaultConfig reads ADMIN_ROLE_NAME and DEFAULT_USER_ROLE_NAME from env" time="0">
    </testcase>
    <testcase classname="rocketsAuthOptionsDefaultConfig exposes default OTP settings" name="rocketsAuthOptionsDefaultConfig exposes default OTP settings" time="0.001">
    </testcase>
    <testcase classname="rocketsAuthOptionsDefaultConfig exposes email template and tokenUrlFormatter" name="rocketsAuthOptionsDefaultConfig exposes email template and tokenUrlFormatter" time="0.007">
    </testcase>
  </testsuite>
  <testsuite name="@EntityHook() decorator" errors="0" failures="0" skipped="0" timestamp="2026-07-10T13:34:19" time="2.968" tests="22">
    <testcase classname="@EntityHook() decorator near-miss validation throws when an own method name is one edit away from a lifecycle key (case typo)" name="@EntityHook() decorator near-miss validation throws when an own method name is one edit away from a lifecycle key (case typo)" time="0.026">
    </testcase>
    <testcase classname="@EntityHook() decorator near-miss validation throws on an extra-character typo (beforeFindOnce → beforeFindOne)" name="@EntityHook() decorator near-miss validation throws on an extra-character typo (beforeFindOnce → beforeFindOne)" time="0.001">
    </testcase>
    <testcase classname="@EntityHook() decorator near-miss validation does NOT throw on names that are clearly different (no near-miss)" name="@EntityHook() decorator near-miss validation does NOT throw on names that are clearly different (no near-miss)" time="0">
    </testcase>
    <testcase classname="@EntityHook() decorator near-miss validation does NOT throw when the method name matches a lifecycle key exactly" name="@EntityHook() decorator near-miss validation does NOT throw when the method name matches a lifecycle key exactly" time="0.001">
    </testcase>
    <testcase classname="@EntityHook() decorator lifecycle stamping only stamps own-prototype overrides (not inherited base methods)" name="@EntityHook() decorator lifecycle stamping only stamps own-prototype overrides (not inherited base methods)" time="0.012">
    </testcase>
    <testcase classname="PassthroughEntityHookBase returns its input unchanged for every lifecycle method" name="PassthroughEntityHookBase returns its input unchanged for every lifecycle method" time="0.003">
    </testcase>
    <testcase classname="PassthroughEntityHookBase passes through find option/result objects unchanged" name="PassthroughEntityHookBase passes through find option/result objects unchanged" time="0.001">
    </testcase>
    <testcase classname="EntityHookBase cannot be instantiated directly (abstract)" name="EntityHookBase cannot be instantiated directly (abstract)" time="0">
    </testcase>
    <testcase classname="EntityHookBase rejects subclasses that do not implement the abstract methods" name="EntityHookBase rejects subclasses that do not implement the abstract methods" time="0">
    </testcase>
    <testcase classname="PassthroughEntityHookBase — override semantics subclass override of a passthrough method is the one stamped (not the inherited no-op)" name="PassthroughEntityHookBase — override semantics subclass override of a passthrough method is the one stamped (not the inherited no-op)" time="0">
    </testcase>
    <testcase classname="PassthroughEntityHookBase — override semantics non-overridden lifecycle methods on a PassthroughEntityHookBase subclass keep passthrough behaviour" name="PassthroughEntityHookBase — override semantics non-overridden lifecycle methods on a PassthroughEntityHookBase subclass keep passthrough behaviour" time="0.001">
    </testcase>
    <testcase classname="@EntityHook() decorator — idempotency &amp; ordering edges applying @EntityHook() twice on the same class does not throw" name="@EntityHook() decorator — idempotency &amp; ordering edges applying @EntityHook() twice on the same class does not throw" time="0">
    </testcase>
    <testcase classname="@EntityHook() decorator — idempotency &amp; ordering edges non-method own properties (e.g. instance fields) are ignored, not validated for near-miss" name="@EntityHook() decorator — idempotency &amp; ordering edges non-method own properties (e.g. instance fields) are ignored, not validated for near-miss" time="0.001">
    </testcase>
    <testcase classname="@EntityHook() decorator — idempotency &amp; ordering edges throwing on near-miss validates BEFORE any method-decorator metadata is stamped" name="@EntityHook() decorator — idempotency &amp; ordering edges throwing on near-miss validates BEFORE any method-decorator metadata is stamped" time="0.001">
    </testcase>
    <testcase classname="@EntityHook({ entity }) — class-level spec auto-binding without `entity`, no class-level Specification is attached" name="@EntityHook({ entity }) — class-level spec auto-binding without `entity`, no class-level Specification is attached" time="0.011">
    </testcase>
    <testcase classname="@EntityHook({ entity }) — class-level spec auto-binding with `entity`, the class carries a Specification that is satisfied by the entity key" name="@EntityHook({ entity }) — class-level spec auto-binding with `entity`, the class carries a Specification that is satisfied by the entity key" time="0.001">
    </testcase>
    <testcase classname="@EntityHook({ entity }) — class-level spec auto-binding the bound spec rejects any ctx targeting a different entity" name="@EntityHook({ entity }) — class-level spec auto-binding the bound spec rejects any ctx targeting a different entity" time="0">
    </testcase>
    <testcase classname="@EntityHook({ entity }) — class-level spec auto-binding derives the entity key via deriveEntityKey (strips `Entity` suffix, lowercases first char)" name="@EntityHook({ entity }) — class-level spec auto-binding derives the entity key via deriveEntityKey (strips `Entity` suffix, lowercases first char)" time="0.001">
    </testcase>
    <testcase classname="@EntityHook({ entity }) — class-level spec auto-binding two subclasses bound to different entities carry independent specs" name="@EntityHook({ entity }) — class-level spec auto-binding two subclasses bound to different entities carry independent specs" time="0.008">
    </testcase>
    <testcase classname="@EntityHook({ entity }) — class-level spec auto-binding the entity-spec is stamped BEFORE RepoHook scans methods (ordering invariant)" name="@EntityHook({ entity }) — class-level spec auto-binding the entity-spec is stamped BEFORE RepoHook scans methods (ordering invariant)" time="0.001">
    </testcase>
    <testcase classname="@EntityHook({ entity }) — class-level spec auto-binding decorating a class twice with `entity` keeps the spec satisfied (idempotent)" name="@EntityHook({ entity }) — class-level spec auto-binding decorating a class twice with `entity` keeps the spec satisfied (idempotent)" time="0.001">
    </testcase>
    <testcase classname="LIFECYCLE_DECORATORS coverage invariant every key documented as a lifecycle method has a corresponding override-path on PassthroughEntityHookBase" name="LIFECYCLE_DECORATORS coverage invariant every key documented as a lifecycle method has a corresponding override-path on PassthroughEntityHookBase" time="0.001">
    </testcase>
  </testsuite>
  <testsuite name="AssignDefaultRoleHandler" errors="0" failures="0" skipped="0" timestamp="2026-07-10T13:34:19" time="3.129" tests="4">
    <testcase classname="AssignDefaultRoleHandler returns false and skips assignment when defaultUserRoleName unset" name="AssignDefaultRoleHandler returns false and skips assignment when defaultUserRoleName unset" time="0.004">
    </testcase>
    <testcase classname="AssignDefaultRoleHandler throws when configured role does not exist in the database" name="AssignDefaultRoleHandler throws when configured role does not exist in the database" time="0.002">
    </testcase>
    <testcase classname="AssignDefaultRoleHandler returns true and dispatches AssignRoleCommand on success" name="AssignDefaultRoleHandler returns true and dispatches AssignRoleCommand on success" time="0">
    </testcase>
    <testcase classname="AssignDefaultRoleHandler propagates errors from the role assignment command" name="AssignDefaultRoleHandler propagates errors from the role assignment command" time="0.019">
    </testcase>
  </testsuite>
  <testsuite name="isCrudResource" errors="0" failures="0" skipped="0" timestamp="2026-07-10T13:34:19" time="3.125" tests="8">
    <testcase classname="isCrudResource returns true for a defineResource() output" name="isCrudResource returns true for a defineResource() output" time="0.006">
    </testcase>
    <testcase classname="isCrudResource returns false for a defineModuleResource() output" name="isCrudResource returns false for a defineModuleResource() output" time="0.001">
    </testcase>
    <testcase classname="isCrudResource returns false for a defineSubResource() output" name="isCrudResource returns false for a defineSubResource() output" time="0">
    </testcase>
    <testcase classname="isCrudResource returns false for a manual RocketsResourceConfig (no kind)" name="isCrudResource returns false for a manual RocketsResourceConfig (no kind)" time="0">
    </testcase>
    <testcase classname="isCrudResource returns false for objects shaped like CrudResource but missing the kind discriminator" name="isCrudResource returns false for objects shaped like CrudResource but missing the kind discriminator" time="0">
    </testcase>
    <testcase classname="isCrudResource returns false for null / undefined / primitives" name="isCrudResource returns false for null / undefined / primitives" time="0.009">
    </testcase>
    <testcase classname="isCrudResource returns false for an object whose `kind` is the wrong discriminator" name="isCrudResource returns false for an object whose `kind` is the wrong discriminator" time="0.002">
    </testcase>
    <testcase classname="isCrudResource the defineResource() output carries the correct kind discriminator" name="isCrudResource the defineResource() output carries the correct kind discriminator" time="0.001">
    </testcase>
  </testsuite>
  <testsuite name="AfterCreateReloadHook.for()" errors="0" failures="0" skipped="0" timestamp="2026-07-10T13:34:20" time="3.092" tests="6">
    <testcase classname="AfterCreateReloadHook.for() returns the same subclass for identical entity classes" name="AfterCreateReloadHook.for() returns the same subclass for identical entity classes" time="0.004">
    </testcase>
    <testcase classname="AfterCreateReloadHook.for() returns different subclasses for different entity classes" name="AfterCreateReloadHook.for() returns different subclasses for different entity classes" time="0.001">
    </testcase>
    <testcase classname="AfterCreateReloadHook.for() names the subclass after the entity class" name="AfterCreateReloadHook.for() names the subclass after the entity class" time="0.001">
    </testcase>
    <testcase classname="AfterCreateReloadHook.afterCreate returns the unchanged entity when id is missing" name="AfterCreateReloadHook.afterCreate returns the unchanged entity when id is missing" time="0.147">
    </testcase>
    <testcase classname="AfterCreateReloadHook.afterCreate returns the unchanged entity when no row reloads" name="AfterCreateReloadHook.afterCreate returns the unchanged entity when no row reloads" time="0.012">
    </testcase>
    <testcase classname="AfterCreateReloadHook.afterCreate mutates the original instance with reloaded fields (eager relation populated)" name="AfterCreateReloadHook.afterCreate mutates the original instance with reloaded fields (eager relation populated)" time="0.002">
    </testcase>
  </testsuite>
  <testsuite name="DefaultFirebaseUserResolverService" errors="0" failures="0" skipped="0" timestamp="2026-07-10T13:34:22" time="1.109" tests="6">
    <testcase classname="DefaultFirebaseUserResolverService maps uid to both `id` and `sub`" name="DefaultFirebaseUserResolverService maps uid to both `id` and `sub`" time="0.001">
    </testcase>
    <testcase classname="DefaultFirebaseUserResolverService hydrates `userRoles` from the `roles` custom claim" name="DefaultFirebaseUserResolverService hydrates `userRoles` from the `roles` custom claim" time="0.001">
    </testcase>
    <testcase classname="DefaultFirebaseUserResolverService returns empty `userRoles` when claim is missing" name="DefaultFirebaseUserResolverService returns empty `userRoles` when claim is missing" time="0">
    </testcase>
    <testcase classname="DefaultFirebaseUserResolverService filters out non-string entries from the `roles` claim" name="DefaultFirebaseUserResolverService filters out non-string entries from the `roles` claim" time="0.001">
    </testcase>
    <testcase classname="DefaultFirebaseUserResolverService ignores a non-array `roles` claim" name="DefaultFirebaseUserResolverService ignores a non-array `roles` claim" time="0">
    </testcase>
    <testcase classname="DefaultFirebaseUserResolverService preserves the full decoded token under `claims`" name="DefaultFirebaseUserResolverService preserves the full decoded token under `claims`" time="0">
    </testcase>
  </testsuite>
  <testsuite name="AdminGuard" errors="0" failures="0" skipped="0" timestamp="2026-07-10T13:34:21" time="2.634" tests="5">
    <testcase classname="AdminGuard throws UnauthorizedException when user missing" name="AdminGuard throws UnauthorizedException when user missing" time="0.013">
    </testcase>
    <testcase classname="AdminGuard throws ForbiddenException when admin role name not configured" name="AdminGuard throws ForbiddenException when admin role name not configured" time="0.001">
    </testcase>
    <testcase classname="AdminGuard throws ForbiddenException when admin role entity missing" name="AdminGuard throws ForbiddenException when admin role entity missing" time="0">
    </testcase>
    <testcase classname="AdminGuard returns true when user has assigned admin role" name="AdminGuard returns true when user has assigned admin role" time="0.001">
    </testcase>
    <testcase classname="AdminGuard maps non-forbidden errors to ServiceUnavailableException" name="AdminGuard maps non-forbidden errors to ServiceUnavailableException" time="0">
    </testcase>
  </testsuite>
  <testsuite name="User application handlers" errors="0" failures="0" skipped="0" timestamp="2026-07-10T13:34:21" time="3.185" tests="8">
    <testcase classname="User application handlers GetUserHandler throws UserException with 404 when user missing" name="User application handlers GetUserHandler throws UserException with 404 when user missing" time="0.013">
    </testcase>
    <testcase classname="User application handlers GetUserHandler returns user with metadata merged" name="User application handlers GetUserHandler returns user with metadata merged" time="0.002">
    </testcase>
    <testcase classname="User application handlers GetUserHandler returns user with userMetadata=undefined when no metadata" name="User application handlers GetUserHandler returns user with userMetadata=undefined when no metadata" time="0.027">
    </testcase>
    <testcase classname="User application handlers GetUserHandler UserException carries 404 httpStatus" name="User application handlers GetUserHandler UserException carries 404 httpStatus" time="0.001">
    </testcase>
    <testcase classname="User application handlers UpdateUserHandler saves metadata when DTO carries userMetadata" name="User application handlers UpdateUserHandler saves metadata when DTO carries userMetadata" time="0.001">
    </testcase>
    <testcase classname="User application handlers UpdateUserHandler reads metadata via query when DTO has no userMetadata" name="User application handlers UpdateUserHandler reads metadata via query when DTO has no userMetadata" time="0.003">
    </testcase>
    <testcase classname="User application handlers UpdateUserHandler returns userMetadata=undefined when DTO empty + no stored metadata" name="User application handlers UpdateUserHandler returns userMetadata=undefined when DTO empty + no stored metadata" time="0">
    </testcase>
[...]
    </testcase>
  </testsuite>
  <testsuite name="OwnerScopeHook.for() factory" errors="0" failures="0" skipped="0" timestamp="2026-07-10T13:34:32" time="5.815" tests="19">
    <testcase classname="OwnerScopeHook.for() factory returns a class that extends OwnerScopeHook" name="OwnerScopeHook.for() factory returns a class that extends OwnerScopeHook" time="0.004">
    </testcase>
    <testcase classname="OwnerScopeHook.for() factory caches subclasses per (entity, column) so same pair = same class" name="OwnerScopeHook.for() factory caches subclasses per (entity, column) so same pair = same class" time="0">
    </testcase>
    <testcase classname="OwnerScopeHook.for() factory produces distinct subclasses for distinct entities" name="OwnerScopeHook.for() factory produces distinct subclasses for distinct entities" time="0.001">
    </testcase>
    <testcase classname="OwnerScopeHook.for() factory the default column is DEFAULT_OWNER_COLUMN (&quot;userId&quot;)" name="OwnerScopeHook.for() factory the default column is DEFAULT_OWNER_COLUMN (&quot;userId&quot;)" time="0">
    </testcase>
    <testcase classname="OwnerScopeHook.for() factory subclass column is reflected in the runtime class name" name="OwnerScopeHook.for() factory subclass column is reflected in the runtime class name" time="0">
    </testcase>
    <testcase classname="OwnerScopeHook.for() factory runtime behaviour beforeFindOne adds owner clause when actor is present" name="OwnerScopeHook.for() factory runtime behaviour beforeFindOne adds owner clause when actor is present" time="0.001">
    </testcase>
    <testcase classname="OwnerScopeHook.for() factory runtime behaviour beforeFindOne no-ops when actor is missing (public route)" name="OwnerScopeHook.for() factory runtime behaviour beforeFindOne no-ops when actor is missing (public route)" time="0">
    </testcase>
    <testcase classname="OwnerScopeHook.for() factory runtime behaviour no-op path produces no where clause whatsoever (shape invariant)" name="OwnerScopeHook.for() factory runtime behaviour no-op path produces no where clause whatsoever (shape invariant)" time="0.001">
    </testcase>
    <testcase classname="OwnerScopeHook.for() factory runtime behaviour beforeFindAndCount adds owner clause when actor is present" name="OwnerScopeHook.for() factory runtime behaviour beforeFindAndCount adds owner clause when actor is present" time="0">
    </testcase>
    <testcase classname="OwnerScopeHook.for() factory runtime behaviour beforeFindAndCount no-ops when actor missing (public list)" name="OwnerScopeHook.for() factory runtime behaviour beforeFindAndCount no-ops when actor missing (public list)" time="0.002">
    </testcase>
    <testcase classname="OwnerScopeHook.for() factory runtime behaviour AND-composes the owner clause when a hostile pre-existing where targets the same column" name="OwnerScopeHook.for() factory runtime behaviour AND-composes the owner clause when a hostile pre-existing where targets the same column" time="0.001">
    </testcase>
    <testcase classname="OwnerScopeHook.for() factory runtime behaviour preserves the actor.id used in the clause (Spy verifies the value sent to Where.eq)" name="OwnerScopeHook.for() factory runtime behaviour preserves the actor.id used in the clause (Spy verifies the value sent to Where.eq)" time="0">
    </testcase>
    <testcase classname="OwnerStampHook.for() factory returns a class that extends OwnerStampHook" name="OwnerStampHook.for() factory returns a class that extends OwnerStampHook" time="0.001">
    </testcase>
    <testcase classname="OwnerStampHook.for() factory caches subclasses per (entity, column) so same pair = same class" name="OwnerStampHook.for() factory caches subclasses per (entity, column) so same pair = same class" time="0">
    </testcase>
    <testcase classname="OwnerStampHook.for() factory produces distinct subclasses for distinct entities" name="OwnerStampHook.for() factory produces distinct subclasses for distinct entities" time="0">
    </testcase>
    <testcase classname="OwnerStampHook.for() factory runtime behaviour beforeCreate stamps the owner column from actor.id" name="OwnerStampHook.for() factory runtime behaviour beforeCreate stamps the owner column from actor.id" time="0">
    </testcase>
    <testcase classname="OwnerStampHook.for() factory runtime behaviour beforeCreate throws Unauthorized when actor is missing" name="OwnerStampHook.for() factory runtime behaviour beforeCreate throws Unauthorized when actor is missing" time="0.067">
    </testcase>
    <testcase classname="OwnerStampHook.for() factory runtime behaviour beforeUpdate uses the same stamping logic" name="OwnerStampHook.for() factory runtime behaviour beforeUpdate uses the same stamping logic" time="0">
    </testcase>
    <testcase classname="OwnerStampHook.for() factory runtime behaviour respects the custom column when bound via .for(entity, column)" name="OwnerStampHook.for() factory runtime behaviour respects the custom column when bound via .for(entity, column)" time="0.01">
    </testcase>
  </testsuite>
  <testsuite name="RocketsAuthUserPortService" errors="0" failures="0" skipped="0" timestamp="2026-07-10T13:34:33" time="5.708" tests="16">
    <testcase classname="RocketsAuthUserPortService bySubject returns null when no result" name="RocketsAuthUserPortService bySubject returns null when no result" time="0.006">
    </testcase>
    <testcase classname="RocketsAuthUserPortService bySubject returns { id } when result has id" name="RocketsAuthUserPortService bySubject returns { id } when result has id" time="0.001">
    </testcase>
    <testcase classname="RocketsAuthUserPortService bySubject returns null when result has no id field" name="RocketsAuthUserPortService bySubject returns null when result has no id field" time="0">
    </testcase>
    <testcase classname="RocketsAuthUserPortService bySubject propagates query bus errors instead of swallowing" name="RocketsAuthUserPortService bySubject propagates query bus errors instead of swallowing" time="0.014">
    </testcase>
    <testcase classname="RocketsAuthUserPortService byId returns null when handler returns null" name="RocketsAuthUserPortService byId returns null when handler returns null" time="0.001">
    </testcase>
    <testcase classname="RocketsAuthUserPortService byId returns plain user from aggregate.toPlain()" name="RocketsAuthUserPortService byId returns plain user from aggregate.toPlain()" time="0.001">
    </testcase>
    <testcase classname="RocketsAuthUserPortService byId propagates errors" name="RocketsAuthUserPortService byId propagates errors" time="0">
    </testcase>
    <testcase classname="RocketsAuthUserPortService byEmail (with credential enrichment) returns null when no user" name="RocketsAuthUserPortService byEmail (with credential enrichment) returns null when no user" time="0.001">
    </testcase>
    <testcase classname="RocketsAuthUserPortService byEmail (with credential enrichment) enriches user with passwordHash when credential exists" name="RocketsAuthUserPortService byEmail (with credential enrichment) enriches user with passwordHash when credential exists" time="0.001">
    </testcase>
    <testcase classname="RocketsAuthUserPortService byEmail (with credential enrichment) returns user without passwordHash when no credential" name="RocketsAuthUserPortService byEmail (with credential enrichment) returns user without passwordHash when no credential" time="0.001">
    </testcase>
    <testcase classname="RocketsAuthUserPortService byUsername returns null when no user" name="RocketsAuthUserPortService byUsername returns null when no user" time="0">
    </testcase>
    <testcase classname="RocketsAuthUserPortService byUsername enriches with credential" name="RocketsAuthUserPortService byUsername enriches with credential" time="0.001">
    </testcase>
    <testcase classname="RocketsAuthUserPortService update returns null when handler returns null" name="RocketsAuthUserPortService update returns null when handler returns null" time="0">
    </testcase>
    <testcase classname="RocketsAuthUserPortService update returns plain user from updated aggregate" name="RocketsAuthUserPortService update returns plain user from updated aggregate" time="0">
    </testcase>
    <testcase classname="RocketsAuthUserPortService create returns null when handler returns null" name="RocketsAuthUserPortService create returns null when handler returns null" time="0.001">
    </testcase>
    <testcase classname="RocketsAuthUserPortService create returns plain user from created aggregate" name="RocketsAuthUserPortService create returns plain user from created aggregate" time="0">
    </testcase>
  </testsuite>
  <testsuite name="defineSubResource" errors="0" failures="0" skipped="0" timestamp="2026-07-10T13:34:34" time="5.242" tests="17">
    <testcase classname="defineSubResource input validation throws when explicit key is empty" name="defineSubResource input validation throws when explicit key is empty" time="0.019">
    </testcase>
    <testcase classname="defineSubResource input validation throws when entity is not a class constructor" name="defineSubResource input validation throws when entity is not a class constructor" time="0.001">
    </testcase>
    <testcase classname="defineSubResource input validation forwards inner key as undefined when omitted (parent will derive)" name="defineSubResource input validation forwards inner key as undefined when omitted (parent will derive)" time="0">
    </testcase>
    <testcase classname="defineSubResource output shape returns a branded sub-resource definition" name="defineSubResource output shape returns a branded sub-resource definition" time="0.001">
    </testcase>
    <testcase classname="defineSubResource output shape preserves operations / hooks / dto on the inner definition" name="defineSubResource output shape preserves operations / hooks / dto on the inner definition" time="0">
    </testcase>
    <testcase classname="defineSubResource output shape forwards parentKey when provided" name="defineSubResource output shape forwards parentKey when provided" time="0.001">
    </testcase>
    <testcase classname="defineSubResource output shape forwards parentPk when provided" name="defineSubResource output shape forwards parentPk when provided" time="0">
    </testcase>
    <testcase classname="defineSubResource output shape forwards segment when provided" name="defineSubResource output shape forwards segment when provided" time="0.001">
    </testcase>
    <testcase classname="defineSubResource output shape forwards owner when provided" name="defineSubResource output shape forwards owner when provided" time="0">
    </testcase>
    <testcase classname="defineSubResource output shape forwards owner=false when provided" name="defineSubResource output shape forwards owner=false when provided" time="0">
    </testcase>
    <testcase classname="defineSubResource output shape forwards reloadAfterCreate when provided" name="defineSubResource output shape forwards reloadAfterCreate when provided" time="0">
    </testcase>
    <testcase classname="defineSubResource output shape omits optional fields from the sub object when not provided" name="defineSubResource output shape omits optional fields from the sub object when not provided" time="0.002">
    </testcase>
    <testcase classname="isSubResourceDefinition returns true for a defineSubResource() output" name="isSubResourceDefinition returns true for a defineSubResource() output" time="0.001">
    </testcase>
    <testcase classname="isSubResourceDefinition returns false for an object without the kind discriminator" name="isSubResourceDefinition returns false for an object without the kind discriminator" time="0.001">
    </testcase>
    <testcase classname="isSubResourceDefinition returns false for a wrong-kind object" name="isSubResourceDefinition returns false for a wrong-kind object" time="0">
    </testcase>
    <testcase classname="isSubResourceDefinition the defineSubResource() output carries the correct kind discriminator" name="isSubResourceDefinition the defineSubResource() output carries the correct kind discriminator" time="0">
    </testcase>
    <testcase classname="defaultParentParam appends &quot;Id&quot; to the parent key" name="defaultParentParam appends &quot;Id&quot; to the parent key" time="0.005">
    </testcase>
  </testsuite>
  <testsuite name="deriveEntityKey" errors="0" failures="0" skipped="0" timestamp="2026-07-10T13:34:37" time="2.123" tests="10">
    <testcase classname="deriveEntityKey strips trailing `Entity` and lowercases first char" name="deriveEntityKey strips trailing `Entity` and lowercases first char" time="0.003">
    </testcase>
    <testcase classname="deriveEntityKey preserves internal camel case" name="deriveEntityKey preserves internal camel case" time="0.016">
    </testcase>
    <testcase classname="deriveEntityKey lowercases first char when there is no `Entity` suffix" name="deriveEntityKey lowercases first char when there is no `Entity` suffix" time="0.001">
    </testcase>
    <testcase classname="deriveEntityKey handles single-letter classes" name="deriveEntityKey handles single-letter classes" time="0.003">
    </testcase>
    <testcase classname="deriveEntityKey throws on anonymous classes" name="deriveEntityKey throws on anonymous classes" time="0.013">
    </testcase>
    <testcase classname="deriveEntityKey throws when stripping `Entity` leaves an empty name" name="deriveEntityKey throws when stripping `Entity` leaves an empty name" time="0.001">
    </testcase>
    <testcase classname="deriveEntityKey idempotent on already-camelCase derived names" name="deriveEntityKey idempotent on already-camelCase derived names" time="0">
    </testcase>
    <testcase classname="deriveEntityKey produces awkward output for ALLCAPS acronyms (documented quirk)" name="deriveEntityKey produces awkward output for ALLCAPS acronyms (documented quirk)" time="0">
    </testcase>
    <testcase classname="deriveEntityKey treats `Entity` substring elsewhere in the name as part of the key" name="deriveEntityKey treats `Entity` substring elsewhere in the name as part of the key" time="0">
    </testcase>
    <testcase classname="deriveEntityKey only strips the trailing `Entity` once" name="deriveEntityKey only strips the trailing `Entity` once" time="0.001">
    </testcase>
  </testsuite>
  <testsuite name="FirebaseTokenVerifierService" errors="0" failures="0" skipped="0" timestamp="2026-07-10T13:34:34" time="5.599" tests="4">
    <testcase classname="FirebaseTokenVerifierService delegates to firebase-admin auth() and forwards `checkRevoked`" name="FirebaseTokenVerifierService delegates to firebase-admin auth() and forwards `checkRevoked`" time="0.012">
    </testcase>
    <testcase classname="FirebaseTokenVerifierService defaults `checkRevoked` to false when not supplied" name="FirebaseTokenVerifierService defaults `checkRevoked` to false when not supplied" time="0.008">
    </testcase>
    <testcase classname="FirebaseTokenVerifierService uses getAuth() for modular firebase-admin/app instances" name="FirebaseTokenVerifierService uses getAuth() for modular firebase-admin/app instances" time="0.003">
    </testcase>
    <testcase classname="FirebaseTokenVerifierService propagates firebase-admin errors verbatim" name="FirebaseTokenVerifierService propagates firebase-admin errors verbatim" time="0.001">
    </testcase>
  </testsuite>
  <testsuite name="ResourceKind enum" errors="0" failures="0" skipped="0" timestamp="2026-07-10T13:34:38" time="1.583" tests="2">
    <testcase classname="ResourceKind enum exposes the three discriminator values" name="ResourceKind enum exposes the three discriminator values" time="0.003">
    </testcase>
    <testcase classname="ResourceKind enum values are pairwise distinct" name="ResourceKind enum values are pairwise distinct" time="0.001">
    </testcase>
  </testsuite>
  <testsuite name="extractBearerToken" errors="0" failures="0" skipped="0" timestamp="2026-07-10T13:34:38" time="1.936" tests="11">
    <testcase classname="extractBearerToken returns the token for a valid Bearer header" name="extractBearerToken returns the token for a valid Bearer header" time="0.003">
    </testcase>
    <testcase classname="extractBearerToken is case-insensitive for the scheme (RFC 7235)" name="extractBearerToken is case-insensitive for the scheme (RFC 7235)" time="0">
    </testcase>
    <testcase classname="extractBearerToken returns null when no Authorization header is present" name="extractBearerToken returns null when no Authorization header is present" time="0.001">
    </testcase>
    <testcase classname="extractBearerToken returns null for an empty Authorization header" name="extractBearerToken returns null for an empty Authorization header" time="0">
    </testcase>
    <testcase classname="extractBearerToken returns null for non-Bearer schemes" name="extractBearerToken returns null for non-Bearer schemes" time="0">
    </testcase>
    <testcase classname="extractBearerToken returns null when the Bearer token is empty or whitespace only" name="extractBearerToken returns null when the Bearer token is empty or whitespace only" time="0.001">
    </testcase>
    <testcase classname="extractBearerToken trims whitespace from the token" name="extractBearerToken trims whitespace from the token" time="0">
    </testcase>
    <testcase classname="extractBearerToken returns null when no space between scheme and token" name="extractBearerToken returns null when no space between scheme and token" time="0.001">
    </testcase>
    <testcase classname="extractBearerToken uses the first element when authorization is an array" name="extractBearerToken uses the first element when authorization is an array" time="0">
    </testcase>
    <testcase classname="extractBearerToken returns null when the array contains an empty string" name="extractBearerToken returns null when the array contains an empty string" time="0.001">
    </testcase>
    <testcase classname="extractBearerToken handles tokens with special characters" name="extractBearerToken handles tokens with special characters" time="0">
    </testcase>
  </testsuite>
  <testsuite name="resolveEntityKey" errors="0" failures="0" skipped="0" timestamp="2026-07-10T13:34:37" time="2.399" tests="2">
    <testcase classname="resolveEntityKey passes through explicit string keys unchanged" name="resolveEntityKey passes through explicit string keys unchanged" time="0.004">
    </testcase>
    <testcase classname="resolveEntityKey derives keys from entity classes via deriveEntityKey" name="resolveEntityKey derives keys from entity classes via deriveEntityKey" time="0.001">
    </testcase>
  </testsuite>
  <testsuite name="collectBootstrapForRootImports" errors="0" failures="0" skipped="0" timestamp="2026-07-10T13:34:39" time="1.315" tests="3">
    <testcase classname="collectBootstrapForRootImports returns empty when no bootstrap adapters appear in the plan" name="collectBootstrapForRootImports returns empty when no bootstrap adapters appear in the plan" time="0.002">
    </testcase>
    <testcase classname="collectBootstrapForRootImports calls forRoot once per distinct bootstrap with its entity classes" name="collectBootstrapForRootImports calls forRoot once per distinct bootstrap with its entity classes" time="0.002">
    </testcase>
    <testcase classname="collectBootstrapForRootImports merges entities that share the same bootstrap reference into one forRoot call" name="collectBootstrapForRootImports merges entities that share the same bootstrap reference into one forRoot call" time="0">
    </testcase>
  </testsuite>
</testsuites>