{"total": {"lines":{"total":7531,"covered":5372,"skipped":0,"pct":71.33},"statements":{"total":7531,"covered":5372,"skipped":0,"pct":71.33},"functions":{"total":313,"covered":165,"skipped":0,"pct":52.71},"branches":{"total":493,"covered":347,"skipped":0,"pct":70.38},"branchesTrue":{"total":0,"covered":0,"skipped":0,"pct":100}}
,"/Users/thiagoramalho/Documents/Thiago/Workspace/Concepta/OpenSource/rockets/packages/rockets-server-auth/src/generate-swagger.ts": {"lines":{"total":701,"covered":0,"skipped":0,"pct":0},"functions":{"total":1,"covered":0,"skipped":0,"pct":0},"statements":{"total":701,"covered":0,"skipped":0,"pct":0},"branches":{"total":1,"covered":0,"skipped":0,"pct":0}}
,"/Users/thiagoramalho/Documents/Thiago/Workspace/Concepta/OpenSource/rockets/packages/rockets-server-auth/src/index.ts": {"lines":{"total":33,"covered":0,"skipped":0,"pct":0},"functions":{"total":1,"covered":0,"skipped":0,"pct":0},"statements":{"total":33,"covered":0,"skipped":0,"pct":0},"branches":{"total":1,"covered":0,"skipped":0,"pct":0}}
,"/Users/thiagoramalho/Documents/Thiago/Workspace/Concepta/OpenSource/rockets/packages/rockets-server-auth/src/rockets-auth.module-definition.ts": {"lines":{"total":695,"covered":642,"skipped":0,"pct":92.37},"functions":{"total":27,"covered":25,"skipped":0,"pct":92.59},"statements":{"total":695,"covered":642,"skipped":0,"pct":92.37},"branches":{"total":159,"covered":80,"skipped":0,"pct":50.31}}
,"/Users/thiagoramalho/Documents/Thiago/Workspace/Concepta/OpenSource/rockets/packages/rockets-server-auth/src/rockets-auth.module.ts": {"lines":{"total":31,"covered":31,"skipped":0,"pct":100},"functions":{"total":2,"covered":2,"skipped":0,"pct":100},"statements":{"total":31,"covered":31,"skipped":0,"pct":100},"branches":{"total":2,"covered":2,"skipped":0,"pct":100}}
,"/Users/thiagoramalho/Documents/Thiago/Workspace/Concepta/OpenSource/rockets/packages/rockets-server-auth/src/domains/auth/index.ts": {"lines":{"total":19,"covered":0,"skipped":0,"pct":0},"functions":{"total":1,"covered":0,"skipped":0,"pct":0},"statements":{"total":19,"covered":0,"skipped":0,"pct":0},"branches":{"total":1,"covered":0,"skipped":0,"pct":0}}
,"/Users/thiagoramalho/Documents/Thiago/Workspace/Concepta/OpenSource/rockets/packages/rockets-server-auth/src/domains/auth/controllers/auth-password.controller.ts": {"lines":{"total":71,"covered":71,"skipped":0,"pct":100},"functions":{"total":2,"covered":2,"skipped":0,"pct":100},"statements":{"total":71,"covered":71,"skipped":0,"pct":100},"branches":{"total":2,"covered":2,"skipped":0,"pct":100}}
,"/Users/thiagoramalho/Documents/Thiago/Workspace/Concepta/OpenSource/rockets/packages/rockets-server-auth/src/domains/auth/controllers/auth-recovery.controller.ts": {"lines":{"total":191,"covered":147,"skipped":0,"pct":76.96},"functions":{"total":5,"covered":1,"skipped":0,"pct":20},"statements":{"total":191,"covered":147,"skipped":0,"pct":76.96},"branches":{"total":1,"covered":1,"skipped":0,"pct":100}}
,"/Users/thiagoramalho/Documents/Thiago/Workspace/Concepta/OpenSource/rockets/packages/rockets-server-auth/src/domains/auth/controllers/auth-refresh.controller.ts": {"lines":{"total":69,"covered":69,"skipped":0,"pct":100},"functions":{"total":2,"covered":2,"skipped":0,"pct":100},"statements":{"total":69,"covered":69,"skipped":0,"pct":100},"branches":{"total":2,"covered":2,"skipped":0,"pct":100}}
,"/Users/thiagoramalho/Documents/Thiago/Workspace/Concepta/OpenSource/rockets/packages/rockets-server-auth/src/domains/auth/controllers/me-password.controller.ts": {"lines":{"total":103,"covered":101,"skipped":0,"pct":98.05},"functions":{"total":2,"covered":2,"skipped":0,"pct":100},"statements":{"total":103,"covered":101,"skipped":0,"pct":98.05},"branches":{"total":7,"covered":6,"skipped":0,"pct":85.71}}
,"/Users/thiagoramalho/Documents/Thiago/Workspace/Concepta/OpenSource/rockets/packages/rockets-server-auth/src/domains/auth/dto/rockets-auth-change-password.dto.ts": {"lines":{"total":38,"covered":38,"skipped":0,"pct":100},"functions":{"total":0,"covered":0,"skipped":0,"pct":100},"statements":{"total":38,"covered":38,"skipped":0,"pct":100},"branches":{"total":0,"covered":0,"skipped":0,"pct":100}}
,"/Users/thiagoramalho/Documents/Thiago/Workspace/Concepta/OpenSource/rockets/packages/rockets-server-auth/src/domains/auth/dto/rockets-auth-jwt-response.dto.ts": {"lines":{"total":8,"covered":8,"skipped":0,"pct":100},"functions":{"total":0,"covered":0,"skipped":0,"pct":100},"statements":{"total":8,"covered":8,"skipped":0,"pct":100},"branches":{"total":0,"covered":0,"skipped":0,"pct":100}}
,"/Users/thiagoramalho/Documents/Thiago/Workspace/Concepta/OpenSource/rockets/packages/rockets-server-auth/src/domains/auth/dto/rockets-auth-login.dto.ts": {"lines":{"total":8,"covered":8,"skipped":0,"pct":100},"functions":{"total":0,"covered":0,"skipped":0,"pct":100},"statements":{"total":8,"covered":8,"skipped":0,"pct":100},"branches":{"total":0,"covered":0,"skipped":0,"pct":100}}
,"/Users/thiagoramalho/Documents/Thiago/Workspace/Concepta/OpenSource/rockets/packages/rockets-server-auth/src/domains/auth/dto/rockets-auth-recover-login.dto.ts": {"lines":{"total":8,"covered":8,"skipped":0,"pct":100},"functions":{"total":0,"covered":0,"skipped":0,"pct":100},"statements":{"total":8,"covered":8,"skipped":0,"pct":100},"branches":{"total":0,"covered":0,"skipped":0,"pct":100}}
,"/Users/thiagoramalho/Documents/Thiago/Workspace/Concepta/OpenSource/rockets/packages/rockets-server-auth/src/domains/auth/dto/rockets-auth-recover-password.dto.ts": {"lines":{"total":8,"covered":8,"skipped":0,"pct":100},"functions":{"total":0,"covered":0,"skipped":0,"pct":100},"statements":{"total":8,"covered":8,"skipped":0,"pct":100},"branches":{"total":0,"covered":0,"skipped":0,"pct":100}}
,"/Users/thiagoramalho/Documents/Thiago/Workspace/Concepta/OpenSource/rockets/packages/rockets-server-auth/src/domains/auth/dto/rockets-auth-refresh.dto.ts": {"lines":{"total":8,"covered":8,"skipped":0,"pct":100},"functions":{"total":0,"covered":0,"skipped":0,"pct":100},"statements":{"total":8,"covered":8,"skipped":0,"pct":100},"branches":{"total":0,"covered":0,"skipped":0,"pct":100}}
,"/Users/thiagoramalho/Documents/Thiago/Workspace/Concepta/OpenSource/rockets/packages/rockets-server-auth/src/domains/auth/dto/rockets-auth-update-password.dto.ts": {"lines":{"total":19,"covered":9,"skipped":0,"pct":47.36},"functions":{"total":1,"covered":0,"skipped":0,"pct":0},"statements":{"total":19,"covered":9,"skipped":0,"pct":47.36},"branches":{"total":0,"covered":0,"skipped":0,"pct":100}}
,"/Users/thiagoramalho/Documents/Thiago/Workspace/Concepta/OpenSource/rockets/packages/rockets-server-auth/src/domains/invitation/index.ts": {"lines":{"total":46,"covered":46,"skipped":0,"pct":100},"functions":{"total":22,"covered":3,"skipped":0,"pct":13.63},"statements":{"total":46,"covered":46,"skipped":0,"pct":100},"branches":{"total":3,"covered":3,"skipped":0,"pct":100}}
,"/Users/thiagoramalho/Documents/Thiago/Workspace/Concepta/OpenSource/rockets/packages/rockets-server-auth/src/domains/invitation/invitation.exception.ts": {"lines":{"total":110,"covered":47,"skipped":0,"pct":42.72},"functions":{"total":11,"covered":0,"skipped":0,"pct":0},"statements":{"total":110,"covered":47,"skipped":0,"pct":42.72},"branches":{"total":0,"covered":0,"skipped":0,"pct":100}}
,"/Users/thiagoramalho/Documents/Thiago/Workspace/Concepta/OpenSource/rockets/packages/rockets-server-auth/src/domains/invitation/controllers/invitation-acceptance.controller.ts": {"lines":{"total":67,"covered":53,"skipped":0,"pct":79.1},"functions":{"total":2,"covered":1,"skipped":0,"pct":50},"statements":{"total":67,"covered":53,"skipped":0,"pct":79.1},"branches":{"total":1,"covered":1,"skipped":0,"pct":100}}
,"/Users/thiagoramalho/Documents/Thiago/Workspace/Concepta/OpenSource/rockets/packages/rockets-server-auth/src/domains/invitation/controllers/invitation-reattempt.controller.ts": {"lines":{"total":51,"covered":49,"skipped":0,"pct":96.07},"functions":{"total":2,"covered":1,"skipped":0,"pct":50},"statements":{"total":51,"covered":49,"skipped":0,"pct":96.07},"branches":{"total":1,"covered":1,"skipped":0,"pct":100}}
,"/Users/thiagoramalho/Documents/Thiago/Workspace/Concepta/OpenSource/rockets/packages/rockets-server-auth/src/domains/invitation/controllers/invitation-revocation.controller.ts": {"lines":{"total":48,"covered":43,"skipped":0,"pct":89.58},"functions":{"total":2,"covered":1,"skipped":0,"pct":50},"statements":{"total":48,"covered":43,"skipped":0,"pct":89.58},"branches":{"total":1,"covered":1,"skipped":0,"pct":100}}
,"/Users/thiagoramalho/Documents/Thiago/Workspace/Concepta/OpenSource/rockets/packages/rockets-server-auth/src/domains/invitation/controllers/invitation.controller.ts": {"lines":{"total":82,"covered":55,"skipped":0,"pct":67.07},"functions":{"total":2,"covered":1,"skipped":0,"pct":50},"statements":{"total":82,"covered":55,"skipped":0,"pct":67.07},"branches":{"total":1,"covered":1,"skipped":0,"pct":100}}
,"/Users/thiagoramalho/Documents/Thiago/Workspace/Concepta/OpenSource/rockets/packages/rockets-server-auth/src/domains/invitation/dto/rockets-auth-invitation-accept.dto.ts": {"lines":{"total":9,"covered":9,"skipped":0,"pct":100},"functions":{"total":0,"covered":0,"skipped":0,"pct":100},"statements":{"total":9,"covered":9,"skipped":0,"pct":100},"branches":{"total":0,"covered":0,"skipped":0,"pct":100}}
,"/Users/thiagoramalho/Documents/Thiago/Workspace/Concepta/OpenSource/rockets/packages/rockets-server-auth/src/domains/invitation/dto/rockets-auth-invitation-create.dto.ts": {"lines":{"total":8,"covered":8,"skipped":0,"pct":100},"functions":{"total":0,"covered":0,"skipped":0,"pct":100},"statements":{"total":8,"covered":8,"skipped":0,"pct":100},"branches":{"total":0,"covered":0,"skipped":0,"pct":100}}
,"/Users/thiagoramalho/Documents/Thiago/Workspace/Concepta/OpenSource/rockets/packages/rockets-server-auth/src/domains/invitation/dto/rockets-auth-invitation-response.dto.ts": {"lines":{"total":36,"covered":36,"skipped":0,"pct":100},"functions":{"total":0,"covered":0,"skipped":0,"pct":100},"statements":{"total":36,"covered":36,"skipped":0,"pct":100},"branches":{"total":0,"covered":0,"skipped":0,"pct":100}}
,"/Users/thiagoramalho/Documents/Thiago/Workspace/Concepta/OpenSource/rockets/packages/rockets-server-auth/src/domains/invitation/dto/rockets-auth-invitation-revoke.dto.ts": {"lines":{"total":54,"covered":54,"skipped":0,"pct":100},"functions":{"total":0,"covered":0,"skipped":0,"pct":100},"statements":{"total":54,"covered":54,"skipped":0,"pct":100},"branches":{"total":0,"covered":0,"skipped":0,"pct":100}}
,"/Users/thiagoramalho/Documents/Thiago/Workspace/Concepta/OpenSource/rockets/packages/rockets-server-auth/src/domains/invitation/dto/rockets-auth-invitation.dto.ts": {"lines":{"total":8,"covered":8,"skipped":0,"pct":100},"functions":{"total":0,"covered":0,"skipped":0,"pct":100},"statements":{"total":8,"covered":8,"skipped":0,"pct":100},"branches":{"total":0,"covered":0,"skipped":0,"pct":100}}
,"/Users/thiagoramalho/Documents/Thiago/Workspace/Concepta/OpenSource/rockets/packages/rockets-server-auth/src/domains/invitation/modules/rockets-auth-invitation-acceptance.module-definition.ts": {"lines":{"total":404,"covered":377,"skipped":0,"pct":93.31},"functions":{"total":15,"covered":15,"skipped":0,"pct":100},"statements":{"total":404,"covered":377,"skipped":0,"pct":93.31},"branches":{"total":50,"covered":43,"skipped":0,"pct":86}}
,"/Users/thiagoramalho/Documents/Thiago/Workspace/Concepta/OpenSource/rockets/packages/rockets-server-auth/src/domains/invitation/modules/rockets-auth-invitation-acceptance.module.ts": {"lines":{"total":38,"covered":31,"skipped":0,"pct":81.57},"functions":{"total":3,"covered":1,"skipped":0,"pct":33.33},"statements":{"total":38,"covered":31,"skipped":0,"pct":81.57},"branches":{"total":1,"covered":1,"skipped":0,"pct":100}}
,"/Users/thiagoramalho/Documents/Thiago/Workspace/Concepta/OpenSource/rockets/packages/rockets-server-auth/src/domains/oauth/index.ts": {"lines":{"total":4,"covered":0,"skipped":0,"pct":0},"functions":{"total":1,"covered":0,"skipped":0,"pct":0},"statements":{"total":4,"covered":0,"skipped":0,"pct":0},"branches":{"total":1,"covered":0,"skipped":0,"pct":0}}
,"/Users/thiagoramalho/Documents/Thiago/Workspace/Concepta/OpenSource/rockets/packages/rockets-server-auth/src/domains/oauth/controllers/auth-oauth.controller.ts": {"lines":{"total":122,"covered":122,"skipped":0,"pct":100},"functions":{"total":4,"covered":4,"skipped":0,"pct":100},"statements":{"total":122,"covered":122,"skipped":0,"pct":100},"branches":{"total":4,"covered":4,"skipped":0,"pct":100}}
,"/Users/thiagoramalho/Documents/Thiago/Workspace/Concepta/OpenSource/rockets/packages/rockets-server-auth/src/domains/otp/index.ts": {"lines":{"total":18,"covered":0,"skipped":0,"pct":0},"functions":{"total":1,"covered":0,"skipped":0,"pct":0},"statements":{"total":18,"covered":0,"skipped":0,"pct":0},"branches":{"total":1,"covered":0,"skipped":0,"pct":0}}
,"/Users/thiagoramalho/Documents/Thiago/Workspace/Concepta/OpenSource/rockets/packages/rockets-server-auth/src/domains/otp/application/commands/handlers/rockets-clear-otps.handler.ts": {"lines":{"total":21,"covered":13,"skipped":0,"pct":61.9},"functions":{"total":2,"covered":1,"skipped":0,"pct":50},"statements":{"total":21,"covered":13,"skipped":0,"pct":61.9},"branches":{"total":1,"covered":1,"skipped":0,"pct":100}}
,"/Users/thiagoramalho/Documents/Thiago/Workspace/Concepta/OpenSource/rockets/packages/rockets-server-auth/src/domains/otp/application/commands/handlers/rockets-create-otp.handler.ts": {"lines":{"total":25,"covered":14,"skipped":0,"pct":56},"functions":{"total":2,"covered":1,"skipped":0,"pct":50},"statements":{"total":25,"covered":14,"skipped":0,"pct":56},"branches":{"total":1,"covered":1,"skipped":0,"pct":100}}
,"/Users/thiagoramalho/Documents/Thiago/Workspace/Concepta/OpenSource/rockets/packages/rockets-server-auth/src/domains/otp/application/commands/impl/rockets-clear-otps.command.ts": {"lines":{"total":8,"covered":5,"skipped":0,"pct":62.5},"functions":{"total":1,"covered":0,"skipped":0,"pct":0},"statements":{"total":8,"covered":5,"skipped":0,"pct":62.5},"branches":{"total":0,"covered":0,"skipped":0,"pct":100}}
,"/Users/thiagoramalho/Documents/Thiago/Workspace/Concepta/OpenSource/rockets/packages/rockets-server-auth/src/domains/otp/application/commands/impl/rockets-create-otp.command.ts": {"lines":{"total":5,"covered":5,"skipped":0,"pct":100},"functions":{"total":1,"covered":0,"skipped":0,"pct":0},"statements":{"total":5,"covered":5,"skipped":0,"pct":100},"branches":{"total":0,"covered":0,"skipped":0,"pct":100}}
,"/Users/thiagoramalho/Documents/Thiago/Workspace/Concepta/OpenSource/rockets/packages/rockets-server-auth/src/domains/otp/application/queries/handlers/rockets-validate-otp.handler.ts": {"lines":{"total":45,"covered":23,"skipped":0,"pct":51.11},"functions":{"total":2,"covered":1,"skipped":0,"pct":50},"statements":{"total":45,"covered":23,"skipped":0,"pct":51.11},"branches":{"total":1,"covered":1,"skipped":0,"pct":100}}
,"/Users/thiagoramalho/Documents/Thiago/Workspace/Concepta/OpenSource/rockets/packages/rockets-server-auth/src/domains/otp/application/queries/impl/rockets-validate-otp.query.ts": {"lines":{"total":9,"covered":5,"skipped":0,"pct":55.55},"functions":{"total":1,"covered":0,"skipped":0,"pct":0},"statements":{"total":9,"covered":5,"skipped":0,"pct":55.55},"branches":{"total":0,"covered":0,"skipped":0,"pct":100}}
,"/Users/thiagoramalho/Documents/Thiago/Workspace/Concepta/OpenSource/rockets/packages/rockets-server-auth/src/domains/otp/controllers/rockets-auth-otp.controller.ts": {"lines":{"total":116,"covered":102,"skipped":0,"pct":87.93},"functions":{"total":3,"covered":1,"skipped":0,"pct":33.33},"statements":{"total":116,"covered":102,"skipped":0,"pct":87.93},"branches":{"total":1,"covered":1,"skipped":0,"pct":100}}
,"/Users/thiagoramalho/Documents/Thiago/Workspace/Concepta/OpenSource/rockets/packages/rockets-server-auth/src/domains/otp/dto/rockets-auth-otp-confirm.dto.ts": {"lines":{"total":20,"covered":20,"skipped":0,"pct":100},"functions":{"total":0,"covered":0,"skipped":0,"pct":100},"statements":{"total":20,"covered":20,"skipped":0,"pct":100},"branches":{"total":0,"covered":0,"skipped":0,"pct":100}}
,"/Users/thiagoramalho/Documents/Thiago/Workspace/Concepta/OpenSource/rockets/packages/rockets-server-auth/src/domains/otp/dto/rockets-auth-otp-send.dto.ts": {"lines":{"total":12,"covered":12,"skipped":0,"pct":100},"functions":{"total":0,"covered":0,"skipped":0,"pct":100},"statements":{"total":12,"covered":12,"skipped":0,"pct":100},"branches":{"total":0,"covered":0,"skipped":0,"pct":100}}
,"/Users/thiagoramalho/Documents/Thiago/Workspace/Concepta/OpenSource/rockets/packages/rockets-server-auth/src/domains/otp/services/rockets-auth-notification.service.ts": {"lines":{"total":62,"covered":60,"skipped":0,"pct":96.77},"functions":{"total":2,"covered":2,"skipped":0,"pct":100},"statements":{"total":62,"covered":60,"skipped":0,"pct":96.77},"branches":{"total":5,"covered":4,"skipped":0,"pct":80}}
,"/Users/thiagoramalho/Documents/Thiago/Workspace/Concepta/OpenSource/rockets/packages/rockets-server-auth/src/domains/otp/services/rockets-auth-otp.service.ts": {"lines":{"total":108,"covered":106,"skipped":0,"pct":98.14},"functions":{"total":3,"covered":3,"skipped":0,"pct":100},"statements":{"total":108,"covered":106,"skipped":0,"pct":98.14},"branches":{"total":14,"covered":13,"skipped":0,"pct":92.85}}
,"/Users/thiagoramalho/Documents/Thiago/Workspace/Concepta/OpenSource/rockets/packages/rockets-server-auth/src/domains/role/index.ts": {"lines":{"total":22,"covered":22,"skipped":0,"pct":100},"functions":{"total":10,"covered":1,"skipped":0,"pct":10},"statements":{"total":22,"covered":22,"skipped":0,"pct":100},"branches":{"total":1,"covered":1,"skipped":0,"pct":100}}
,"/Users/thiagoramalho/Documents/Thiago/Workspace/Concepta/OpenSource/rockets/packages/rockets-server-auth/src/domains/role/application/queries/handlers/rockets-get-role-by-name.handler.ts": {"lines":{"total":28,"covered":28,"skipped":0,"pct":100},"functions":{"total":2,"covered":2,"skipped":0,"pct":100},"statements":{"total":28,"covered":28,"skipped":0,"pct":100},"branches":{"total":2,"covered":2,"skipped":0,"pct":100}}
,"/Users/thiagoramalho/Documents/Thiago/Workspace/Concepta/OpenSource/rockets/packages/rockets-server-auth/src/domains/role/application/queries/handlers/rockets-get-roles-by-ids.handler.ts": {"lines":{"total":29,"covered":21,"skipped":0,"pct":72.41},"functions":{"total":2,"covered":1,"skipped":0,"pct":50},"statements":{"total":29,"covered":21,"skipped":0,"pct":72.41},"branches":{"total":1,"covered":1,"skipped":0,"pct":100}}
,"/Users/thiagoramalho/Documents/Thiago/Workspace/Concepta/OpenSource/rockets/packages/rockets-server-auth/src/domains/role/application/queries/impl/rockets-get-role-by-name.query.ts": {"lines":{"total":3,"covered":3,"skipped":0,"pct":100},"functions":{"total":1,"covered":1,"skipped":0,"pct":100},"statements":{"total":3,"covered":3,"skipped":0,"pct":100},"branches":{"total":1,"covered":1,"skipped":0,"pct":100}}
,"/Users/thiagoramalho/Documents/Thiago/Workspace/Concepta/OpenSource/rockets/packages/rockets-server-auth/src/domains/role/application/queries/impl/rockets-get-roles-by-ids.query.ts": {"lines":{"total":3,"covered":3,"skipped":0,"pct":100},"functions":{"total":1,"covered":0,"skipped":0,"pct":0},"statements":{"total":3,"covered":3,"skipped":0,"pct":100},"branches":{"total":0,"covered":0,"skipped":0,"pct":100}}
,"/Users/thiagoramalho/Documents/Thiago/Workspace/Concepta/OpenSource/rockets/packages/rockets-server-auth/src/domains/role/controllers/admin-user-roles.controller.ts": {"lines":{"total":86,"covered":86,"skipped":0,"pct":100},"functions":{"total":4,"covered":4,"skipped":0,"pct":100},"statements":{"total":86,"covered":86,"skipped":0,"pct":100},"branches":{"total":4,"covered":4,"skipped":0,"pct":100}}
,"/Users/thiagoramalho/Documents/Thiago/Workspace/Concepta/OpenSource/rockets/packages/rockets-server-auth/src/domains/role/dto/rockets-auth-role-create.dto.ts": {"lines":{"total":12,"covered":12,"skipped":0,"pct":100},"functions":{"total":0,"covered":0,"skipped":0,"pct":100},"statements":{"total":12,"covered":12,"skipped":0,"pct":100},"branches":{"total":0,"covered":0,"skipped":0,"pct":100}}
,"/Users/thiagoramalho/Documents/Thiago/Workspace/Concepta/OpenSource/rockets/packages/rockets-server-auth/src/domains/role/dto/rockets-auth-role-update.dto.ts": {"lines":{"total":14,"covered":14,"skipped":0,"pct":100},"functions":{"total":0,"covered":0,"skipped":0,"pct":100},"statements":{"total":14,"covered":14,"skipped":0,"pct":100},"branches":{"total":0,"covered":0,"skipped":0,"pct":100}}
,"/Users/thiagoramalho/Documents/Thiago/Workspace/Concepta/OpenSource/rockets/packages/rockets-server-auth/src/domains/role/dto/rockets-auth-role.dto.ts": {"lines":{"total":11,"covered":11,"skipped":0,"pct":100},"functions":{"total":0,"covered":0,"skipped":0,"pct":100},"statements":{"total":11,"covered":11,"skipped":0,"pct":100},"branches":{"total":0,"covered":0,"skipped":0,"pct":100}}
,"/Users/thiagoramalho/Documents/Thiago/Workspace/Concepta/OpenSource/rockets/packages/rockets-server-auth/src/domains/role/infrastructure/adapters/role-repository-crud.adapter.ts": {"lines":{"total":24,"covered":24,"skipped":0,"pct":100},"functions":{"total":1,"covered":1,"skipped":0,"pct":100},"statements":{"total":24,"covered":24,"skipped":0,"pct":100},"branches":{"total":1,"covered":1,"skipped":0,"pct":100}}
,"/Users/thiagoramalho/Documents/Thiago/Workspace/Concepta/OpenSource/rockets/packages/rockets-server-auth/src/domains/role/modules/rockets-auth-role-admin.module.ts": {"lines":{"total":104,"covered":104,"skipped":0,"pct":100},"functions":{"total":2,"covered":2,"skipped":0,"pct":100},"statements":{"total":104,"covered":104,"skipped":0,"pct":100},"branches":{"total":9,"covered":3,"skipped":0,"pct":33.33}}
,"/Users/thiagoramalho/Documents/Thiago/Workspace/Concepta/OpenSource/rockets/packages/rockets-server-auth/src/domains/role/services/rockets-auth-role.service.ts": {"lines":{"total":68,"covered":35,"skipped":0,"pct":51.47},"functions":{"total":2,"covered":2,"skipped":0,"pct":100},"statements":{"total":68,"covered":35,"skipped":0,"pct":51.47},"branches":{"total":3,"covered":2,"skipped":0,"pct":66.66}}
,"/Users/thiagoramalho/Documents/Thiago/Workspace/Concepta/OpenSource/rockets/packages/rockets-server-auth/src/domains/user/index.ts": {"lines":{"total":107,"covered":0,"skipped":0,"pct":0},"functions":{"total":1,"covered":0,"skipped":0,"pct":0},"statements":{"total":107,"covered":0,"skipped":0,"pct":0},"branches":{"total":1,"covered":0,"skipped":0,"pct":0}}
,"/Users/thiagoramalho/Documents/Thiago/Workspace/Concepta/OpenSource/rockets/packages/rockets-server-auth/src/domains/user/application/commands/handlers/abstract-admin-delete-user.handler.ts": {"lines":{"total":20,"covered":20,"skipped":0,"pct":100},"functions":{"total":0,"covered":0,"skipped":0,"pct":100},"statements":{"total":20,"covered":20,"skipped":0,"pct":100},"branches":{"total":0,"covered":0,"skipped":0,"pct":100}}
,"/Users/thiagoramalho/Documents/Thiago/Workspace/Concepta/OpenSource/rockets/packages/rockets-server-auth/src/domains/user/application/commands/handlers/abstract-admin-update-user.handler.ts": {"lines":{"total":19,"covered":0,"skipped":0,"pct":0},"functions":{"total":1,"covered":0,"skipped":0,"pct":0},"statements":{"total":19,"covered":0,"skipped":0,"pct":0},"branches":{"total":1,"covered":0,"skipped":0,"pct":0}}
,"/Users/thiagoramalho/Documents/Thiago/Workspace/Concepta/OpenSource/rockets/packages/rockets-server-auth/src/domains/user/application/commands/handlers/abstract-admin-user-list.handler.ts": {"lines":{"total":30,"covered":30,"skipped":0,"pct":100},"functions":{"total":0,"covered":0,"skipped":0,"pct":100},"statements":{"total":30,"covered":30,"skipped":0,"pct":100},"branches":{"total":0,"covered":0,"skipped":0,"pct":100}}
,"/Users/thiagoramalho/Documents/Thiago/Workspace/Concepta/OpenSource/rockets/packages/rockets-server-auth/src/domains/user/application/commands/handlers/abstract-admin-user-read.handler.ts": {"lines":{"total":30,"covered":30,"skipped":0,"pct":100},"functions":{"total":0,"covered":0,"skipped":0,"pct":100},"statements":{"total":30,"covered":30,"skipped":0,"pct":100},"branches":{"total":0,"covered":0,"skipped":0,"pct":100}}
,"/Users/thiagoramalho/Documents/Thiago/Workspace/Concepta/OpenSource/rockets/packages/rockets-server-auth/src/domains/user/application/commands/handlers/abstract-admin-user-update.handler.ts": {"lines":{"total":20,"covered":20,"skipped":0,"pct":100},"functions":{"total":0,"covered":0,"skipped":0,"pct":100},"statements":{"total":20,"covered":20,"skipped":0,"pct":100},"branches":{"total":0,"covered":0,"skipped":0,"pct":100}}
,"/Users/thiagoramalho/Documents/Thiago/Workspace/Concepta/OpenSource/rockets/packages/rockets-server-auth/src/domains/user/application/commands/handlers/abstract-signup-user.handler.ts": {"lines":{"total":24,"covered":24,"skipped":0,"pct":100},"functions":{"total":0,"covered":0,"skipped":0,"pct":100},"statements":{"total":24,"covered":24,"skipped":0,"pct":100},"branches":{"total":0,"covered":0,"skipped":0,"pct":100}}
,"/Users/thiagoramalho/Documents/Thiago/Workspace/Concepta/OpenSource/rockets/packages/rockets-server-auth/src/domains/user/application/commands/handlers/admin-delete-user.handler.ts": {"lines":{"total":27,"covered":17,"skipped":0,"pct":62.96},"functions":{"total":2,"covered":1,"skipped":0,"pct":50},"statements":{"total":27,"covered":17,"skipped":0,"pct":62.96},"branches":{"total":1,"covered":1,"skipped":0,"pct":100}}
,"/Users/thiagoramalho/Documents/Thiago/Workspace/Concepta/OpenSource/rockets/packages/rockets-server-auth/src/domains/user/application/commands/handlers/admin-update-user.handler.ts": {"lines":{"total":28,"covered":18,"skipped":0,"pct":64.28},"functions":{"total":2,"covered":1,"skipped":0,"pct":50},"statements":{"total":28,"covered":18,"skipped":0,"pct":64.28},"branches":{"total":1,"covered":1,"skipped":0,"pct":100}}
,"/Users/thiagoramalho/Documents/Thiago/Workspace/Concepta/OpenSource/rockets/packages/rockets-server-auth/src/domains/user/application/commands/handlers/assign-default-role.handler.ts": {"lines":{"total":20,"covered":20,"skipped":0,"pct":100},"functions":{"total":2,"covered":2,"skipped":0,"pct":100},"statements":{"total":20,"covered":20,"skipped":0,"pct":100},"branches":{"total":2,"covered":2,"skipped":0,"pct":100}}
,"/Users/thiagoramalho/Documents/Thiago/Workspace/Concepta/OpenSource/rockets/packages/rockets-server-auth/src/domains/user/application/commands/handlers/remove-user.handler.ts": {"lines":{"total":15,"covered":0,"skipped":0,"pct":0},"functions":{"total":1,"covered":0,"skipped":0,"pct":0},"statements":{"total":15,"covered":0,"skipped":0,"pct":0},"branches":{"total":1,"covered":0,"skipped":0,"pct":0}}
,"/Users/thiagoramalho/Documents/Thiago/Workspace/Concepta/OpenSource/rockets/packages/rockets-server-auth/src/domains/user/application/commands/handlers/rockets-create-user.handler.ts": {"lines":{"total":30,"covered":20,"skipped":0,"pct":66.66},"functions":{"total":2,"covered":1,"skipped":0,"pct":50},"statements":{"total":30,"covered":20,"skipped":0,"pct":66.66},"branches":{"total":1,"covered":1,"skipped":0,"pct":100}}
,"/Users/thiagoramalho/Documents/Thiago/Workspace/Concepta/OpenSource/rockets/packages/rockets-server-auth/src/domains/user/application/commands/handlers/rockets-update-user.handler.ts": {"lines":{"total":27,"covered":20,"skipped":0,"pct":74.07},"functions":{"total":2,"covered":1,"skipped":0,"pct":50},"statements":{"total":27,"covered":20,"skipped":0,"pct":74.07},"branches":{"total":1,"covered":1,"skipped":0,"pct":100}}
,"/Users/thiagoramalho/Documents/Thiago/Workspace/Concepta/OpenSource/rockets/packages/rockets-server-auth/src/domains/user/application/commands/handlers/save-user-metadata.handler.ts": {"lines":{"total":42,"covered":29,"skipped":0,"pct":69.04},"functions":{"total":2,"covered":1,"skipped":0,"pct":50},"statements":{"total":42,"covered":29,"skipped":0,"pct":69.04},"branches":{"total":1,"covered":1,"skipped":0,"pct":100}}
,"/Users/thiagoramalho/Documents/Thiago/Workspace/Concepta/OpenSource/rockets/packages/rockets-server-auth/src/domains/user/application/commands/handlers/signup-user.handler.ts": {"lines":{"total":81,"covered":75,"skipped":0,"pct":92.59},"functions":{"total":3,"covered":3,"skipped":0,"pct":100},"statements":{"total":81,"covered":75,"skipped":0,"pct":92.59},"branches":{"total":7,"covered":4,"skipped":0,"pct":57.14}}
,"/Users/thiagoramalho/Documents/Thiago/Workspace/Concepta/OpenSource/rockets/packages/rockets-server-auth/src/domains/user/application/commands/handlers/update-user.handler.ts": {"lines":{"total":57,"covered":26,"skipped":0,"pct":45.61},"functions":{"total":2,"covered":1,"skipped":0,"pct":50},"statements":{"total":57,"covered":26,"skipped":0,"pct":45.61},"branches":{"total":1,"covered":1,"skipped":0,"pct":100}}
,"/Users/thiagoramalho/Documents/Thiago/Workspace/Concepta/OpenSource/rockets/packages/rockets-server-auth/src/domains/user/application/commands/impl/admin-delete-user.command.ts": {"lines":{"total":14,"covered":0,"skipped":0,"pct":0},"functions":{"total":1,"covered":0,"skipped":0,"pct":0},"statements":{"total":14,"covered":0,"skipped":0,"pct":0},"branches":{"total":1,"covered":0,"skipped":0,"pct":0}}
,"/Users/thiagoramalho/Documents/Thiago/Workspace/Concepta/OpenSource/rockets/packages/rockets-server-auth/src/domains/user/application/commands/impl/admin-update-user.command.ts": {"lines":{"total":16,"covered":0,"skipped":0,"pct":0},"functions":{"total":1,"covered":0,"skipped":0,"pct":0},"statements":{"total":16,"covered":0,"skipped":0,"pct":0},"branches":{"total":1,"covered":0,"skipped":0,"pct":0}}
,"/Users/thiagoramalho/Documents/Thiago/Workspace/Concepta/OpenSource/rockets/packages/rockets-server-auth/src/domains/user/application/commands/impl/assign-default-role.command.ts": {"lines":{"total":3,"covered":3,"skipped":0,"pct":100},"functions":{"total":1,"covered":1,"skipped":0,"pct":100},"statements":{"total":3,"covered":3,"skipped":0,"pct":100},"branches":{"total":1,"covered":1,"skipped":0,"pct":100}}
,"/Users/thiagoramalho/Documents/Thiago/Workspace/Concepta/OpenSource/rockets/packages/rockets-server-auth/src/domains/user/application/commands/impl/remove-user.command.ts": {"lines":{"total":9,"covered":0,"skipped":0,"pct":0},"functions":{"total":1,"covered":0,"skipped":0,"pct":0},"statements":{"total":9,"covered":0,"skipped":0,"pct":0},"branches":{"total":1,"covered":0,"skipped":0,"pct":0}}
,"/Users/thiagoramalho/Documents/Thiago/Workspace/Concepta/OpenSource/rockets/packages/rockets-server-auth/src/domains/user/application/commands/impl/rockets-create-user.command.ts": {"lines":{"total":5,"covered":5,"skipped":0,"pct":100},"functions":{"total":1,"covered":0,"skipped":0,"pct":0},"statements":{"total":5,"covered":5,"skipped":0,"pct":100},"branches":{"total":0,"covered":0,"skipped":0,"pct":100}}
,"/Users/thiagoramalho/Documents/Thiago/Workspace/Concepta/OpenSource/rockets/packages/rockets-server-auth/src/domains/user/application/commands/impl/rockets-update-user.command.ts": {"lines":{"total":8,"covered":5,"skipped":0,"pct":62.5},"functions":{"total":1,"covered":0,"skipped":0,"pct":0},"statements":{"total":8,"covered":5,"skipped":0,"pct":62.5},"branches":{"total":0,"covered":0,"skipped":0,"pct":100}}
,"/Users/thiagoramalho/Documents/Thiago/Workspace/Concepta/OpenSource/rockets/packages/rockets-server-auth/src/domains/user/application/commands/impl/save-user-metadata.command.ts": {"lines":{"total":9,"covered":9,"skipped":0,"pct":100},"functions":{"total":1,"covered":1,"skipped":0,"pct":100},"statements":{"total":9,"covered":9,"skipped":0,"pct":100},"branches":{"total":1,"covered":1,"skipped":0,"pct":100}}
,"/Users/thiagoramalho/Documents/Thiago/Workspace/Concepta/OpenSource/rockets/packages/rockets-server-auth/src/domains/user/application/commands/impl/signup-user.command.ts": {"lines":{"total":8,"covered":8,"skipped":0,"pct":100},"functions":{"total":0,"covered":0,"skipped":0,"pct":100},"statements":{"total":8,"covered":8,"skipped":0,"pct":100},"branches":{"total":0,"covered":0,"skipped":0,"pct":100}}
,"/Users/thiagoramalho/Documents/Thiago/Workspace/Concepta/OpenSource/rockets/packages/rockets-server-auth/src/domains/user/application/commands/impl/update-user.command.ts": {"lines":{"total":11,"covered":7,"skipped":0,"pct":63.63},"functions":{"total":1,"covered":0,"skipped":0,"pct":0},"statements":{"total":11,"covered":7,"skipped":0,"pct":63.63},"branches":{"total":0,"covered":0,"skipped":0,"pct":100}}
,"/Users/thiagoramalho/Documents/Thiago/Workspace/Concepta/OpenSource/rockets/packages/rockets-server-auth/src/domains/user/application/queries/handlers/admin-user-list.handler.ts": {"lines":{"total":29,"covered":22,"skipped":0,"pct":75.86},"functions":{"total":2,"covered":1,"skipped":0,"pct":50},"statements":{"total":29,"covered":22,"skipped":0,"pct":75.86},"branches":{"total":1,"covered":1,"skipped":0,"pct":100}}
,"/Users/thiagoramalho/Documents/Thiago/Workspace/Concepta/OpenSource/rockets/packages/rockets-server-auth/src/domains/user/application/queries/handlers/admin-user-read.handler.ts": {"lines":{"total":29,"covered":22,"skipped":0,"pct":75.86},"functions":{"total":2,"covered":1,"skipped":0,"pct":50},"statements":{"total":29,"covered":22,"skipped":0,"pct":75.86},"branches":{"total":1,"covered":1,"skipped":0,"pct":100}}
,"/Users/thiagoramalho/Documents/Thiago/Workspace/Concepta/OpenSource/rockets/packages/rockets-server-auth/src/domains/user/application/queries/handlers/get-active-credential.handler.ts": {"lines":{"total":46,"covered":44,"skipped":0,"pct":95.65},"functions":{"total":2,"covered":2,"skipped":0,"pct":100},"statements":{"total":46,"covered":44,"skipped":0,"pct":95.65},"branches":{"total":4,"covered":2,"skipped":0,"pct":50}}
,"/Users/thiagoramalho/Documents/Thiago/Workspace/Concepta/OpenSource/rockets/packages/rockets-server-auth/src/domains/user/application/queries/handlers/get-user-metadata.handler.ts": {"lines":{"total":33,"covered":25,"skipped":0,"pct":75.75},"functions":{"total":2,"covered":1,"skipped":0,"pct":50},"statements":{"total":33,"covered":25,"skipped":0,"pct":75.75},"branches":{"total":1,"covered":1,"skipped":0,"pct":100}}
,"/Users/thiagoramalho/Documents/Thiago/Workspace/Concepta/OpenSource/rockets/packages/rockets-server-auth/src/domains/user/application/queries/handlers/get-user.handler.ts": {"lines":{"total":46,"covered":21,"skipped":0,"pct":45.65},"functions":{"total":2,"covered":1,"skipped":0,"pct":50},"statements":{"total":46,"covered":21,"skipped":0,"pct":45.65},"branches":{"total":1,"covered":1,"skipped":0,"pct":100}}
,"/Users/thiagoramalho/Documents/Thiago/Workspace/Concepta/OpenSource/rockets/packages/rockets-server-auth/src/domains/user/application/queries/handlers/rockets-get-user-by-email.handler.ts": {"lines":{"total":25,"covered":20,"skipped":0,"pct":80},"functions":{"total":2,"covered":1,"skipped":0,"pct":50},"statements":{"total":25,"covered":20,"skipped":0,"pct":80},"branches":{"total":1,"covered":1,"skipped":0,"pct":100}}
,"/Users/thiagoramalho/Documents/Thiago/Workspace/Concepta/OpenSource/rockets/packages/rockets-server-auth/src/domains/user/application/queries/handlers/rockets-get-user-by-id.handler.ts": {"lines":{"total":25,"covered":20,"skipped":0,"pct":80},"functions":{"total":2,"covered":1,"skipped":0,"pct":50},"statements":{"total":25,"covered":20,"skipped":0,"pct":80},"branches":{"total":1,"covered":1,"skipped":0,"pct":100}}
,"/Users/thiagoramalho/Documents/Thiago/Workspace/Concepta/OpenSource/rockets/packages/rockets-server-auth/src/domains/user/application/queries/handlers/rockets-get-user-by-subject.handler.ts": {"lines":{"total":32,"covered":32,"skipped":0,"pct":100},"functions":{"total":2,"covered":2,"skipped":0,"pct":100},"statements":{"total":32,"covered":32,"skipped":0,"pct":100},"branches":{"total":2,"covered":2,"skipped":0,"pct":100}}
,"/Users/thiagoramalho/Documents/Thiago/Workspace/Concepta/OpenSource/rockets/packages/rockets-server-auth/src/domains/user/application/queries/handlers/rockets-get-user-by-username.handler.ts": {"lines":{"total":27,"covered":27,"skipped":0,"pct":100},"functions":{"total":2,"covered":2,"skipped":0,"pct":100},"statements":{"total":27,"covered":27,"skipped":0,"pct":100},"branches":{"total":2,"covered":2,"skipped":0,"pct":100}}
,"/Users/thiagoramalho/Documents/Thiago/Workspace/Concepta/OpenSource/rockets/packages/rockets-server-auth/src/domains/user/application/queries/impl/get-active-credential.query.ts": {"lines":{"total":3,"covered":3,"skipped":0,"pct":100},"functions":{"total":1,"covered":1,"skipped":0,"pct":100},"statements":{"total":3,"covered":3,"skipped":0,"pct":100},"branches":{"total":1,"covered":1,"skipped":0,"pct":100}}
,"/Users/thiagoramalho/Documents/Thiago/Workspace/Concepta/OpenSource/rockets/packages/rockets-server-auth/src/domains/user/application/queries/impl/get-user-metadata.query.ts": {"lines":{"total":3,"covered":3,"skipped":0,"pct":100},"functions":{"total":1,"covered":0,"skipped":0,"pct":0},"statements":{"total":3,"covered":3,"skipped":0,"pct":100},"branches":{"total":0,"covered":0,"skipped":0,"pct":100}}
,"/Users/thiagoramalho/Documents/Thiago/Workspace/Concepta/OpenSource/rockets/packages/rockets-server-auth/src/domains/user/application/queries/impl/get-user.query.ts": {"lines":{"total":5,"covered":5,"skipped":0,"pct":100},"functions":{"total":1,"covered":0,"skipped":0,"pct":0},"statements":{"total":5,"covered":5,"skipped":0,"pct":100},"branches":{"total":0,"covered":0,"skipped":0,"pct":100}}
,"/Users/thiagoramalho/Documents/Thiago/Workspace/Concepta/OpenSource/rockets/packages/rockets-server-auth/src/domains/user/application/queries/impl/rockets-get-user-by-email.query.ts": {"lines":{"total":3,"covered":3,"skipped":0,"pct":100},"functions":{"total":1,"covered":0,"skipped":0,"pct":0},"statements":{"total":3,"covered":3,"skipped":0,"pct":100},"branches":{"total":0,"covered":0,"skipped":0,"pct":100}}
,"/Users/thiagoramalho/Documents/Thiago/Workspace/Concepta/OpenSource/rockets/packages/rockets-server-auth/src/domains/user/application/queries/impl/rockets-get-user-by-id.query.ts": {"lines":{"total":3,"covered":3,"skipped":0,"pct":100},"functions":{"total":1,"covered":0,"skipped":0,"pct":0},"statements":{"total":3,"covered":3,"skipped":0,"pct":100},"branches":{"total":0,"covered":0,"skipped":0,"pct":100}}
,"/Users/thiagoramalho/Documents/Thiago/Workspace/Concepta/OpenSource/rockets/packages/rockets-server-auth/src/domains/user/application/queries/impl/rockets-get-user-by-subject.query.ts": {"lines":{"total":5,"covered":5,"skipped":0,"pct":100},"functions":{"total":1,"covered":1,"skipped":0,"pct":100},"statements":{"total":5,"covered":5,"skipped":0,"pct":100},"branches":{"total":1,"covered":1,"skipped":0,"pct":100}}
,"/Users/thiagoramalho/Documents/Thiago/Workspace/Concepta/OpenSource/rockets/packages/rockets-server-auth/src/domains/user/application/queries/impl/rockets-get-user-by-username.query.ts": {"lines":{"total":3,"covered":3,"skipped":0,"pct":100},"functions":{"total":1,"covered":1,"skipped":0,"pct":100},"statements":{"total":3,"covered":3,"skipped":0,"pct":100},"branches":{"total":1,"covered":1,"skipped":0,"pct":100}}
,"/Users/thiagoramalho/Documents/Thiago/Workspace/Concepta/OpenSource/rockets/packages/rockets-server-auth/src/domains/user/domain/constants/user-domain.tokens.ts": {"lines":{"total":3,"covered":3,"skipped":0,"pct":100},"functions":{"total":0,"covered":0,"skipped":0,"pct":100},"statements":{"total":3,"covered":3,"skipped":0,"pct":100},"branches":{"total":0,"covered":0,"skipped":0,"pct":100}}
,"/Users/thiagoramalho/Documents/Thiago/Workspace/Concepta/OpenSource/rockets/packages/rockets-server-auth/src/domains/user/domain/events/user-signed-up.event.ts": {"lines":{"total":5,"covered":0,"skipped":0,"pct":0},"functions":{"total":1,"covered":0,"skipped":0,"pct":0},"statements":{"total":5,"covered":0,"skipped":0,"pct":0},"branches":{"total":1,"covered":0,"skipped":0,"pct":0}}
,"/Users/thiagoramalho/Documents/Thiago/Workspace/Concepta/OpenSource/rockets/packages/rockets-server-auth/src/domains/user/domain/events/user-updated.event.ts": {"lines":{"total":5,"covered":0,"skipped":0,"pct":0},"functions":{"total":1,"covered":0,"skipped":0,"pct":0},"statements":{"total":5,"covered":0,"skipped":0,"pct":0},"branches":{"total":1,"covered":0,"skipped":0,"pct":0}}
,"/Users/thiagoramalho/Documents/Thiago/Workspace/Concepta/OpenSource/rockets/packages/rockets-server-auth/src/domains/user/domain/exceptions/user-metadata.exception.ts": {"lines":{"total":45,"covered":33,"skipped":0,"pct":73.33},"functions":{"total":4,"covered":2,"skipped":0,"pct":50},"statements":{"total":45,"covered":33,"skipped":0,"pct":73.33},"branches":{"total":2,"covered":2,"skipped":0,"pct":100}}
,"/Users/thiagoramalho/Documents/Thiago/Workspace/Concepta/OpenSource/rockets/packages/rockets-server-auth/src/domains/user/domain/exceptions/user.exception.ts": {"lines":{"total":22,"covered":13,"skipped":0,"pct":59.09},"functions":{"total":2,"covered":0,"skipped":0,"pct":0},"statements":{"total":22,"covered":13,"skipped":0,"pct":59.09},"branches":{"total":0,"covered":0,"skipped":0,"pct":100}}
,"/Users/thiagoramalho/Documents/Thiago/Workspace/Concepta/OpenSource/rockets/packages/rockets-server-auth/src/domains/user/gateways/http/admin/admin-crud-update-config.ts": {"lines":{"total":11,"covered":11,"skipped":0,"pct":100},"functions":{"total":1,"covered":1,"skipped":0,"pct":100},"statements":{"total":11,"covered":11,"skipped":0,"pct":100},"branches":{"total":1,"covered":1,"skipped":0,"pct":100}}
,"/Users/thiagoramalho/Documents/Thiago/Workspace/Concepta/OpenSource/rockets/packages/rockets-server-auth/src/domains/user/infrastructure/config/user-domain.constants.ts": {"lines":{"total":1,"covered":1,"skipped":0,"pct":100},"functions":{"total":1,"covered":1,"skipped":0,"pct":100},"statements":{"total":1,"covered":1,"skipped":0,"pct":100},"branches":{"total":1,"covered":1,"skipped":0,"pct":100}}
,"/Users/thiagoramalho/Documents/Thiago/Workspace/Concepta/OpenSource/rockets/packages/rockets-server-auth/src/domains/user/infrastructure/config/user-metadata.constants.ts": {"lines":{"total":9,"covered":9,"skipped":0,"pct":100},"functions":{"total":1,"covered":1,"skipped":0,"pct":100},"statements":{"total":9,"covered":9,"skipped":0,"pct":100},"branches":{"total":1,"covered":1,"skipped":0,"pct":100}}
,"/Users/thiagoramalho/Documents/Thiago/Workspace/Concepta/OpenSource/rockets/packages/rockets-server-auth/src/domains/user/infrastructure/dto/rockets-auth-user-create.dto.ts": {"lines":{"total":26,"covered":26,"skipped":0,"pct":100},"functions":{"total":0,"covered":0,"skipped":0,"pct":100},"statements":{"total":26,"covered":26,"skipped":0,"pct":100},"branches":{"total":0,"covered":0,"skipped":0,"pct":100}}
,"/Users/thiagoramalho/Documents/Thiago/Workspace/Concepta/OpenSource/rockets/packages/rockets-server-auth/src/domains/user/infrastructure/dto/rockets-auth-user-metadata.dto.ts": {"lines":{"total":38,"covered":38,"skipped":0,"pct":100},"functions":{"total":0,"covered":0,"skipped":0,"pct":100},"statements":{"total":38,"covered":38,"skipped":0,"pct":100},"branches":{"total":0,"covered":0,"skipped":0,"pct":100}}
,"/Users/thiagoramalho/Documents/Thiago/Workspace/Concepta/OpenSource/rockets/packages/rockets-server-auth/src/domains/user/infrastructure/dto/rockets-auth-user-update.dto.ts": {"lines":{"total":24,"covered":24,"skipped":0,"pct":100},"functions":{"total":0,"covered":0,"skipped":0,"pct":100},"statements":{"total":24,"covered":24,"skipped":0,"pct":100},"branches":{"total":0,"covered":0,"skipped":0,"pct":100}}
,"/Users/thiagoramalho/Documents/Thiago/Workspace/Concepta/OpenSource/rockets/packages/rockets-server-auth/src/domains/user/infrastructure/dto/rockets-auth-user.dto.ts": {"lines":{"total":32,"covered":32,"skipped":0,"pct":100},"functions":{"total":0,"covered":0,"skipped":0,"pct":100},"statements":{"total":32,"covered":32,"skipped":0,"pct":100},"branches":{"total":1,"covered":1,"skipped":0,"pct":100}}
,"/Users/thiagoramalho/Documents/Thiago/Workspace/Concepta/OpenSource/rockets/packages/rockets-server-auth/src/domains/user/infrastructure/persistence/user-metadata.repository.ts": {"lines":{"total":63,"covered":26,"skipped":0,"pct":41.26},"functions":{"total":4,"covered":1,"skipped":0,"pct":25},"statements":{"total":63,"covered":26,"skipped":0,"pct":41.26},"branches":{"total":1,"covered":1,"skipped":0,"pct":100}}
,"/Users/thiagoramalho/Documents/Thiago/Workspace/Concepta/OpenSource/rockets/packages/rockets-server-auth/src/domains/user/infrastructure/services/rockets-auth-user-metadata.model.service.ts": {"lines":{"total":176,"covered":164,"skipped":0,"pct":93.18},"functions":{"total":10,"covered":8,"skipped":0,"pct":80},"statements":{"total":176,"covered":164,"skipped":0,"pct":93.18},"branches":{"total":14,"covered":14,"skipped":0,"pct":100}}
,"/Users/thiagoramalho/Documents/Thiago/Workspace/Concepta/OpenSource/rockets/packages/rockets-server-auth/src/domains/user/modules/rockets-auth-admin.module.ts": {"lines":{"total":159,"covered":150,"skipped":0,"pct":94.33},"functions":{"total":2,"covered":1,"skipped":0,"pct":50},"statements":{"total":159,"covered":150,"skipped":0,"pct":94.33},"branches":{"total":22,"covered":22,"skipped":0,"pct":100}}
,"/Users/thiagoramalho/Documents/Thiago/Workspace/Concepta/OpenSource/rockets/packages/rockets-server-auth/src/domains/user/modules/rockets-auth-signup.module.ts": {"lines":{"total":120,"covered":120,"skipped":0,"pct":100},"functions":{"total":1,"covered":1,"skipped":0,"pct":100},"statements":{"total":120,"covered":120,"skipped":0,"pct":100},"branches":{"total":10,"covered":9,"skipped":0,"pct":90}}
,"/Users/thiagoramalho/Documents/Thiago/Workspace/Concepta/OpenSource/rockets/packages/rockets-server-auth/src/domains/user/modules/rockets-auth-user-metadata.module-definition.ts": {"lines":{"total":144,"covered":138,"skipped":0,"pct":95.83},"functions":{"total":5,"covered":5,"skipped":0,"pct":100},"statements":{"total":144,"covered":138,"skipped":0,"pct":95.83},"branches":{"total":11,"covered":5,"skipped":0,"pct":45.45}}
,"/Users/thiagoramalho/Documents/Thiago/Workspace/Concepta/OpenSource/rockets/packages/rockets-server-auth/src/domains/user/modules/rockets-auth-user-metadata.module.ts": {"lines":{"total":30,"covered":23,"skipped":0,"pct":76.66},"functions":{"total":2,"covered":1,"skipped":0,"pct":50},"statements":{"total":30,"covered":23,"skipped":0,"pct":76.66},"branches":{"total":1,"covered":1,"skipped":0,"pct":100}}
,"/Users/thiagoramalho/Documents/Thiago/Workspace/Concepta/OpenSource/rockets/packages/rockets-server-auth/src/guards/admin.guard.ts": {"lines":{"total":72,"covered":55,"skipped":0,"pct":76.38},"functions":{"total":2,"covered":2,"skipped":0,"pct":100},"statements":{"total":72,"covered":55,"skipped":0,"pct":76.38},"branches":{"total":6,"covered":2,"skipped":0,"pct":33.33}}
,"/Users/thiagoramalho/Documents/Thiago/Workspace/Concepta/OpenSource/rockets/packages/rockets-server-auth/src/provider/rockets-jwt-auth.provider.ts": {"lines":{"total":94,"covered":31,"skipped":0,"pct":32.97},"functions":{"total":2,"covered":1,"skipped":0,"pct":50},"statements":{"total":94,"covered":31,"skipped":0,"pct":32.97},"branches":{"total":1,"covered":1,"skipped":0,"pct":100}}
,"/Users/thiagoramalho/Documents/Thiago/Workspace/Concepta/OpenSource/rockets/packages/rockets-server-auth/src/shared/index.ts": {"lines":{"total":43,"covered":43,"skipped":0,"pct":100},"functions":{"total":10,"covered":0,"skipped":0,"pct":0},"statements":{"total":43,"covered":43,"skipped":0,"pct":100},"branches":{"total":0,"covered":0,"skipped":0,"pct":100}}
,"/Users/thiagoramalho/Documents/Thiago/Workspace/Concepta/OpenSource/rockets/packages/rockets-server-auth/src/shared/compat/concepta-internals.ts": {"lines":{"total":34,"covered":34,"skipped":0,"pct":100},"functions":{"total":5,"covered":5,"skipped":0,"pct":100},"statements":{"total":34,"covered":34,"skipped":0,"pct":100},"branches":{"total":5,"covered":5,"skipped":0,"pct":100}}
,"/Users/thiagoramalho/Documents/Thiago/Workspace/Concepta/OpenSource/rockets/packages/rockets-server-auth/src/shared/compat/otp.service.ts": {"lines":{"total":7,"covered":0,"skipped":0,"pct":0},"functions":{"total":1,"covered":0,"skipped":0,"pct":0},"statements":{"total":7,"covered":0,"skipped":0,"pct":0},"branches":{"total":1,"covered":0,"skipped":0,"pct":0}}
,"/Users/thiagoramalho/Documents/Thiago/Workspace/Concepta/OpenSource/rockets/packages/rockets-server-auth/src/shared/compat/rockets-auth-compat.module.ts": {"lines":{"total":4,"covered":0,"skipped":0,"pct":0},"functions":{"total":1,"covered":0,"skipped":0,"pct":0},"statements":{"total":4,"covered":0,"skipped":0,"pct":0},"branches":{"total":1,"covered":0,"skipped":0,"pct":0}}
,"/Users/thiagoramalho/Documents/Thiago/Workspace/Concepta/OpenSource/rockets/packages/rockets-server-auth/src/shared/compat/user-model-service.compat.ts": {"lines":{"total":8,"covered":0,"skipped":0,"pct":0},"functions":{"total":1,"covered":0,"skipped":0,"pct":0},"statements":{"total":8,"covered":0,"skipped":0,"pct":0},"branches":{"total":1,"covered":0,"skipped":0,"pct":0}}
,"/Users/thiagoramalho/Documents/Thiago/Workspace/Concepta/OpenSource/rockets/packages/rockets-server-auth/src/shared/config/rockets-auth-options-default.config.ts": {"lines":{"total":53,"covered":52,"skipped":0,"pct":98.11},"functions":{"total":1,"covered":0,"skipped":0,"pct":0},"statements":{"total":53,"covered":52,"skipped":0,"pct":98.11},"branches":{"total":5,"covered":1,"skipped":0,"pct":20}}
,"/Users/thiagoramalho/Documents/Thiago/Workspace/Concepta/OpenSource/rockets/packages/rockets-server-auth/src/shared/constants/repository-entity-keys.constants.ts": {"lines":{"total":23,"covered":23,"skipped":0,"pct":100},"functions":{"total":0,"covered":0,"skipped":0,"pct":100},"statements":{"total":23,"covered":23,"skipped":0,"pct":100},"branches":{"total":0,"covered":0,"skipped":0,"pct":100}}
,"/Users/thiagoramalho/Documents/Thiago/Workspace/Concepta/OpenSource/rockets/packages/rockets-server-auth/src/shared/constants/rockets-auth.constants.ts": {"lines":{"total":69,"covered":69,"skipped":0,"pct":100},"functions":{"total":0,"covered":0,"skipped":0,"pct":100},"statements":{"total":69,"covered":69,"skipped":0,"pct":100},"branches":{"total":0,"covered":0,"skipped":0,"pct":100}}
,"/Users/thiagoramalho/Documents/Thiago/Workspace/Concepta/OpenSource/rockets/packages/rockets-server-auth/src/shared/exceptions/rockets-auth.exception.ts": {"lines":{"total":16,"covered":16,"skipped":0,"pct":100},"functions":{"total":1,"covered":1,"skipped":0,"pct":100},"statements":{"total":16,"covered":16,"skipped":0,"pct":100},"branches":{"total":1,"covered":1,"skipped":0,"pct":100}}
,"/Users/thiagoramalho/Documents/Thiago/Workspace/Concepta/OpenSource/rockets/packages/rockets-server-auth/src/shared/ports/rockets-auth-otp-port.service.ts": {"lines":{"total":47,"covered":32,"skipped":0,"pct":68.08},"functions":{"total":4,"covered":1,"skipped":0,"pct":25},"statements":{"total":47,"covered":32,"skipped":0,"pct":68.08},"branches":{"total":1,"covered":1,"skipped":0,"pct":100}}
,"/Users/thiagoramalho/Documents/Thiago/Workspace/Concepta/OpenSource/rockets/packages/rockets-server-auth/src/shared/ports/rockets-auth-ports.module.ts": {"lines":{"total":99,"covered":99,"skipped":0,"pct":100},"functions":{"total":2,"covered":2,"skipped":0,"pct":100},"statements":{"total":99,"covered":99,"skipped":0,"pct":100},"branches":{"total":17,"covered":17,"skipped":0,"pct":100}}
,"/Users/thiagoramalho/Documents/Thiago/Workspace/Concepta/OpenSource/rockets/packages/rockets-server-auth/src/shared/ports/rockets-auth-user-port.service.ts": {"lines":{"total":161,"covered":93,"skipped":0,"pct":57.76},"functions":{"total":9,"covered":4,"skipped":0,"pct":44.44},"statements":{"total":161,"covered":93,"skipped":0,"pct":57.76},"branches":{"total":10,"covered":4,"skipped":0,"pct":40}}
,"/Users/thiagoramalho/Documents/Thiago/Workspace/Concepta/OpenSource/rockets/packages/rockets-server-auth/src/shared/utils/error-logging.helper.ts": {"lines":{"total":47,"covered":47,"skipped":0,"pct":100},"functions":{"total":2,"covered":2,"skipped":0,"pct":100},"statements":{"total":47,"covered":47,"skipped":0,"pct":100},"branches":{"total":4,"covered":2,"skipped":0,"pct":50}}
,"/Users/thiagoramalho/Documents/Thiago/Workspace/Concepta/OpenSource/rockets/packages/rockets-server-auth/src/shared/utils/repository-context.helper.ts": {"lines":{"total":13,"covered":13,"skipped":0,"pct":100},"functions":{"total":1,"covered":1,"skipped":0,"pct":100},"statements":{"total":13,"covered":13,"skipped":0,"pct":100},"branches":{"total":1,"covered":1,"skipped":0,"pct":100}}
,"/Users/thiagoramalho/Documents/Thiago/Workspace/Concepta/OpenSource/rockets/packages/rockets-server/src/index.ts": {"lines":{"total":51,"covered":0,"skipped":0,"pct":0},"functions":{"total":1,"covered":0,"skipped":0,"pct":0},"statements":{"total":51,"covered":0,"skipped":0,"pct":0},"branches":{"total":1,"covered":0,"skipped":0,"pct":0}}
,"/Users/thiagoramalho/Documents/Thiago/Workspace/Concepta/OpenSource/rockets/packages/rockets-server/src/rockets.constants.ts": {"lines":{"total":4,"covered":4,"skipped":0,"pct":100},"functions":{"total":0,"covered":0,"skipped":0,"pct":100},"statements":{"total":4,"covered":4,"skipped":0,"pct":100},"branches":{"total":0,"covered":0,"skipped":0,"pct":100}}
,"/Users/thiagoramalho/Documents/Thiago/Workspace/Concepta/OpenSource/rockets/packages/rockets-server/src/rockets.module-definition.ts": {"lines":{"total":181,"covered":75,"skipped":0,"pct":41.43},"functions":{"total":6,"covered":1,"skipped":0,"pct":16.66},"statements":{"total":181,"covered":75,"skipped":0,"pct":41.43},"branches":{"total":10,"covered":10,"skipped":0,"pct":100}}
,"/Users/thiagoramalho/Documents/Thiago/Workspace/Concepta/OpenSource/rockets/packages/rockets-server/src/rockets.module.ts": {"lines":{"total":17,"covered":0,"skipped":0,"pct":0},"functions":{"total":1,"covered":0,"skipped":0,"pct":0},"statements":{"total":17,"covered":0,"skipped":0,"pct":0},"branches":{"total":1,"covered":0,"skipped":0,"pct":0}}
,"/Users/thiagoramalho/Documents/Thiago/Workspace/Concepta/OpenSource/rockets/packages/rockets-server/src/rockets.tokens.ts": {"lines":{"total":3,"covered":3,"skipped":0,"pct":100},"functions":{"total":0,"covered":0,"skipped":0,"pct":100},"statements":{"total":3,"covered":3,"skipped":0,"pct":100},"branches":{"total":0,"covered":0,"skipped":0,"pct":100}}
,"/Users/thiagoramalho/Documents/Thiago/Workspace/Concepta/OpenSource/rockets/packages/rockets-server/src/config/rockets-options-default.config.ts": {"lines":{"total":11,"covered":11,"skipped":0,"pct":100},"functions":{"total":0,"covered":0,"skipped":0,"pct":100},"statements":{"total":11,"covered":11,"skipped":0,"pct":100},"branches":{"total":0,"covered":0,"skipped":0,"pct":100}}
,"/Users/thiagoramalho/Documents/Thiago/Workspace/Concepta/OpenSource/rockets/packages/rockets-server/src/filter/exceptions.filter.ts": {"lines":{"total":70,"covered":0,"skipped":0,"pct":0},"functions":{"total":1,"covered":0,"skipped":0,"pct":0},"statements":{"total":70,"covered":0,"skipped":0,"pct":0},"branches":{"total":1,"covered":0,"skipped":0,"pct":0}}
,"/Users/thiagoramalho/Documents/Thiago/Workspace/Concepta/OpenSource/rockets/packages/rockets-server/src/guards/auth-server.guard.ts": {"lines":{"total":62,"covered":21,"skipped":0,"pct":33.87},"functions":{"total":3,"covered":0,"skipped":0,"pct":0},"statements":{"total":62,"covered":21,"skipped":0,"pct":33.87},"branches":{"total":0,"covered":0,"skipped":0,"pct":100}}
,"/Users/thiagoramalho/Documents/Thiago/Workspace/Concepta/OpenSource/rockets/packages/rockets-server/src/modules/user/me.controller.ts": {"lines":{"total":114,"covered":64,"skipped":0,"pct":56.14},"functions":{"total":3,"covered":0,"skipped":0,"pct":0},"statements":{"total":114,"covered":64,"skipped":0,"pct":56.14},"branches":{"total":0,"covered":0,"skipped":0,"pct":100}}
,"/Users/thiagoramalho/Documents/Thiago/Workspace/Concepta/OpenSource/rockets/packages/rockets-server/src/modules/user/user.dto.ts": {"lines":{"total":105,"covered":105,"skipped":0,"pct":100},"functions":{"total":1,"covered":0,"skipped":0,"pct":0},"statements":{"total":105,"covered":105,"skipped":0,"pct":100},"branches":{"total":0,"covered":0,"skipped":0,"pct":100}}
,"/Users/thiagoramalho/Documents/Thiago/Workspace/Concepta/OpenSource/rockets/packages/rockets-server/src/modules/user/user.module.ts": {"lines":{"total":14,"covered":0,"skipped":0,"pct":0},"functions":{"total":1,"covered":0,"skipped":0,"pct":0},"statements":{"total":14,"covered":0,"skipped":0,"pct":0},"branches":{"total":1,"covered":0,"skipped":0,"pct":0}}
,"/Users/thiagoramalho/Documents/Thiago/Workspace/Concepta/OpenSource/rockets/packages/rockets-server/src/modules/user-metadata/user-metadata.module.ts": {"lines":{"total":45,"covered":0,"skipped":0,"pct":0},"functions":{"total":1,"covered":0,"skipped":0,"pct":0},"statements":{"total":45,"covered":0,"skipped":0,"pct":0},"branches":{"total":1,"covered":0,"skipped":0,"pct":0}}
,"/Users/thiagoramalho/Documents/Thiago/Workspace/Concepta/OpenSource/rockets/packages/rockets-server/src/modules/user-metadata/constants/user-metadata.constants.ts": {"lines":{"total":5,"covered":5,"skipped":0,"pct":100},"functions":{"total":0,"covered":0,"skipped":0,"pct":100},"statements":{"total":5,"covered":5,"skipped":0,"pct":100},"branches":{"total":0,"covered":0,"skipped":0,"pct":100}}
,"/Users/thiagoramalho/Documents/Thiago/Workspace/Concepta/OpenSource/rockets/packages/rockets-server/src/modules/user-metadata/services/user-metadata.model.service.ts": {"lines":{"total":166,"covered":160,"skipped":0,"pct":96.38},"functions":{"total":11,"covered":9,"skipped":0,"pct":81.81},"statements":{"total":166,"covered":160,"skipped":0,"pct":96.38},"branches":{"total":25,"covered":25,"skipped":0,"pct":100}}
,"/Users/thiagoramalho/Documents/Thiago/Workspace/Concepta/OpenSource/rockets/packages/rockets-server/src/modules/user/constants/user.constants.ts": {"lines":{"total":5,"covered":0,"skipped":0,"pct":0},"functions":{"total":1,"covered":0,"skipped":0,"pct":0},"statements":{"total":5,"covered":0,"skipped":0,"pct":0},"branches":{"total":1,"covered":0,"skipped":0,"pct":0}}
,"/Users/thiagoramalho/Documents/Thiago/Workspace/Concepta/OpenSource/rockets/packages/rockets-server/src/utils/error-logging.helper.ts": {"lines":{"total":48,"covered":48,"skipped":0,"pct":100},"functions":{"total":2,"covered":2,"skipped":0,"pct":100},"statements":{"total":48,"covered":48,"skipped":0,"pct":100},"branches":{"total":6,"covered":6,"skipped":0,"pct":100}}
}
