{"total": {"lines":{"total":6400,"covered":4669,"skipped":0,"pct":72.95},"statements":{"total":6400,"covered":4669,"skipped":0,"pct":72.95},"functions":{"total":226,"covered":131,"skipped":0,"pct":57.96},"branches":{"total":473,"covered":307,"skipped":0,"pct":64.9},"branchesTrue":{"total":0,"covered":0,"skipped":0,"pct":100}}
,"/Users/thiagoramalho/Documents/Thiago/Workspace/Concepta/OpenSource/rockets/packages/rockets-server-auth/src/generate-swagger.ts": {"lines":{"total":693,"covered":0,"skipped":0,"pct":0},"functions":{"total":1,"covered":0,"skipped":0,"pct":0},"statements":{"total":693,"covered":0,"skipped":0,"pct":0},"branches":{"total":1,"covered":0,"skipped":0,"pct":0}}
,"/Users/thiagoramalho/Documents/Thiago/Workspace/Concepta/OpenSource/rockets/packages/rockets-server-auth/src/index.ts": {"lines":{"total":41,"covered":0,"skipped":0,"pct":0},"functions":{"total":1,"covered":0,"skipped":0,"pct":0},"statements":{"total":41,"covered":0,"skipped":0,"pct":0},"branches":{"total":1,"covered":0,"skipped":0,"pct":0}}
,"/Users/thiagoramalho/Documents/Thiago/Workspace/Concepta/OpenSource/rockets/packages/rockets-server-auth/src/rockets-auth.module-definition.ts": {"lines":{"total":682,"covered":673,"skipped":0,"pct":98.68},"functions":{"total":27,"covered":27,"skipped":0,"pct":100},"statements":{"total":682,"covered":673,"skipped":0,"pct":98.68},"branches":{"total":214,"covered":110,"skipped":0,"pct":51.4}}
,"/Users/thiagoramalho/Documents/Thiago/Workspace/Concepta/OpenSource/rockets/packages/rockets-server-auth/src/rockets-auth.module.ts": {"lines":{"total":31,"covered":31,"skipped":0,"pct":100},"functions":{"total":2,"covered":2,"skipped":0,"pct":100},"statements":{"total":31,"covered":31,"skipped":0,"pct":100},"branches":{"total":2,"covered":2,"skipped":0,"pct":100}}
,"/Users/thiagoramalho/Documents/Thiago/Workspace/Concepta/OpenSource/rockets/packages/rockets-server-auth/src/domains/auth/index.ts": {"lines":{"total":19,"covered":0,"skipped":0,"pct":0},"functions":{"total":1,"covered":0,"skipped":0,"pct":0},"statements":{"total":19,"covered":0,"skipped":0,"pct":0},"branches":{"total":1,"covered":0,"skipped":0,"pct":0}}
,"/Users/thiagoramalho/Documents/Thiago/Workspace/Concepta/OpenSource/rockets/packages/rockets-server-auth/src/domains/auth/controllers/auth-password.controller.ts": {"lines":{"total":71,"covered":71,"skipped":0,"pct":100},"functions":{"total":2,"covered":2,"skipped":0,"pct":100},"statements":{"total":71,"covered":71,"skipped":0,"pct":100},"branches":{"total":2,"covered":2,"skipped":0,"pct":100}}
,"/Users/thiagoramalho/Documents/Thiago/Workspace/Concepta/OpenSource/rockets/packages/rockets-server-auth/src/domains/auth/controllers/auth-recovery.controller.ts": {"lines":{"total":191,"covered":147,"skipped":0,"pct":76.96},"functions":{"total":5,"covered":1,"skipped":0,"pct":20},"statements":{"total":191,"covered":147,"skipped":0,"pct":76.96},"branches":{"total":1,"covered":1,"skipped":0,"pct":100}}
,"/Users/thiagoramalho/Documents/Thiago/Workspace/Concepta/OpenSource/rockets/packages/rockets-server-auth/src/domains/auth/controllers/auth-refresh.controller.ts": {"lines":{"total":69,"covered":69,"skipped":0,"pct":100},"functions":{"total":2,"covered":2,"skipped":0,"pct":100},"statements":{"total":69,"covered":69,"skipped":0,"pct":100},"branches":{"total":2,"covered":2,"skipped":0,"pct":100}}
,"/Users/thiagoramalho/Documents/Thiago/Workspace/Concepta/OpenSource/rockets/packages/rockets-server-auth/src/domains/auth/controllers/me-password.controller.ts": {"lines":{"total":124,"covered":124,"skipped":0,"pct":100},"functions":{"total":2,"covered":2,"skipped":0,"pct":100},"statements":{"total":124,"covered":124,"skipped":0,"pct":100},"branches":{"total":9,"covered":9,"skipped":0,"pct":100}}
,"/Users/thiagoramalho/Documents/Thiago/Workspace/Concepta/OpenSource/rockets/packages/rockets-server-auth/src/domains/auth/dto/rockets-auth-change-password.dto.ts": {"lines":{"total":38,"covered":38,"skipped":0,"pct":100},"functions":{"total":0,"covered":0,"skipped":0,"pct":100},"statements":{"total":38,"covered":38,"skipped":0,"pct":100},"branches":{"total":0,"covered":0,"skipped":0,"pct":100}}
,"/Users/thiagoramalho/Documents/Thiago/Workspace/Concepta/OpenSource/rockets/packages/rockets-server-auth/src/domains/auth/dto/rockets-auth-jwt-response.dto.ts": {"lines":{"total":13,"covered":13,"skipped":0,"pct":100},"functions":{"total":0,"covered":0,"skipped":0,"pct":100},"statements":{"total":13,"covered":13,"skipped":0,"pct":100},"branches":{"total":0,"covered":0,"skipped":0,"pct":100}}
,"/Users/thiagoramalho/Documents/Thiago/Workspace/Concepta/OpenSource/rockets/packages/rockets-server-auth/src/domains/auth/dto/rockets-auth-login.dto.ts": {"lines":{"total":13,"covered":13,"skipped":0,"pct":100},"functions":{"total":0,"covered":0,"skipped":0,"pct":100},"statements":{"total":13,"covered":13,"skipped":0,"pct":100},"branches":{"total":0,"covered":0,"skipped":0,"pct":100}}
,"/Users/thiagoramalho/Documents/Thiago/Workspace/Concepta/OpenSource/rockets/packages/rockets-server-auth/src/domains/auth/dto/rockets-auth-recover-login.dto.ts": {"lines":{"total":13,"covered":13,"skipped":0,"pct":100},"functions":{"total":0,"covered":0,"skipped":0,"pct":100},"statements":{"total":13,"covered":13,"skipped":0,"pct":100},"branches":{"total":0,"covered":0,"skipped":0,"pct":100}}
,"/Users/thiagoramalho/Documents/Thiago/Workspace/Concepta/OpenSource/rockets/packages/rockets-server-auth/src/domains/auth/dto/rockets-auth-recover-password.dto.ts": {"lines":{"total":13,"covered":13,"skipped":0,"pct":100},"functions":{"total":0,"covered":0,"skipped":0,"pct":100},"statements":{"total":13,"covered":13,"skipped":0,"pct":100},"branches":{"total":0,"covered":0,"skipped":0,"pct":100}}
,"/Users/thiagoramalho/Documents/Thiago/Workspace/Concepta/OpenSource/rockets/packages/rockets-server-auth/src/domains/auth/dto/rockets-auth-refresh.dto.ts": {"lines":{"total":13,"covered":13,"skipped":0,"pct":100},"functions":{"total":0,"covered":0,"skipped":0,"pct":100},"statements":{"total":13,"covered":13,"skipped":0,"pct":100},"branches":{"total":0,"covered":0,"skipped":0,"pct":100}}
,"/Users/thiagoramalho/Documents/Thiago/Workspace/Concepta/OpenSource/rockets/packages/rockets-server-auth/src/domains/auth/dto/rockets-auth-update-password.dto.ts": {"lines":{"total":27,"covered":9,"skipped":0,"pct":33.33},"functions":{"total":1,"covered":0,"skipped":0,"pct":0},"statements":{"total":27,"covered":9,"skipped":0,"pct":33.33},"branches":{"total":0,"covered":0,"skipped":0,"pct":100}}
,"/Users/thiagoramalho/Documents/Thiago/Workspace/Concepta/OpenSource/rockets/packages/rockets-server-auth/src/domains/invitation/index.ts": {"lines":{"total":46,"covered":46,"skipped":0,"pct":100},"functions":{"total":22,"covered":3,"skipped":0,"pct":13.63},"statements":{"total":46,"covered":46,"skipped":0,"pct":100},"branches":{"total":3,"covered":3,"skipped":0,"pct":100}}
,"/Users/thiagoramalho/Documents/Thiago/Workspace/Concepta/OpenSource/rockets/packages/rockets-server-auth/src/domains/invitation/invitation.exception.ts": {"lines":{"total":110,"covered":47,"skipped":0,"pct":42.72},"functions":{"total":11,"covered":0,"skipped":0,"pct":0},"statements":{"total":110,"covered":47,"skipped":0,"pct":42.72},"branches":{"total":0,"covered":0,"skipped":0,"pct":100}}
,"/Users/thiagoramalho/Documents/Thiago/Workspace/Concepta/OpenSource/rockets/packages/rockets-server-auth/src/domains/invitation/controllers/invitation-acceptance.controller.ts": {"lines":{"total":67,"covered":53,"skipped":0,"pct":79.1},"functions":{"total":2,"covered":1,"skipped":0,"pct":50},"statements":{"total":67,"covered":53,"skipped":0,"pct":79.1},"branches":{"total":1,"covered":1,"skipped":0,"pct":100}}
,"/Users/thiagoramalho/Documents/Thiago/Workspace/Concepta/OpenSource/rockets/packages/rockets-server-auth/src/domains/invitation/controllers/invitation-reattempt.controller.ts": {"lines":{"total":51,"covered":49,"skipped":0,"pct":96.07},"functions":{"total":2,"covered":1,"skipped":0,"pct":50},"statements":{"total":51,"covered":49,"skipped":0,"pct":96.07},"branches":{"total":1,"covered":1,"skipped":0,"pct":100}}
,"/Users/thiagoramalho/Documents/Thiago/Workspace/Concepta/OpenSource/rockets/packages/rockets-server-auth/src/domains/invitation/controllers/invitation-revocation.controller.ts": {"lines":{"total":48,"covered":43,"skipped":0,"pct":89.58},"functions":{"total":2,"covered":1,"skipped":0,"pct":50},"statements":{"total":48,"covered":43,"skipped":0,"pct":89.58},"branches":{"total":1,"covered":1,"skipped":0,"pct":100}}
,"/Users/thiagoramalho/Documents/Thiago/Workspace/Concepta/OpenSource/rockets/packages/rockets-server-auth/src/domains/invitation/controllers/invitation.controller.ts": {"lines":{"total":82,"covered":55,"skipped":0,"pct":67.07},"functions":{"total":2,"covered":1,"skipped":0,"pct":50},"statements":{"total":82,"covered":55,"skipped":0,"pct":67.07},"branches":{"total":1,"covered":1,"skipped":0,"pct":100}}
,"/Users/thiagoramalho/Documents/Thiago/Workspace/Concepta/OpenSource/rockets/packages/rockets-server-auth/src/domains/invitation/dto/rockets-auth-invitation-accept.dto.ts": {"lines":{"total":13,"covered":13,"skipped":0,"pct":100},"functions":{"total":0,"covered":0,"skipped":0,"pct":100},"statements":{"total":13,"covered":13,"skipped":0,"pct":100},"branches":{"total":0,"covered":0,"skipped":0,"pct":100}}
,"/Users/thiagoramalho/Documents/Thiago/Workspace/Concepta/OpenSource/rockets/packages/rockets-server-auth/src/domains/invitation/dto/rockets-auth-invitation-create.dto.ts": {"lines":{"total":8,"covered":8,"skipped":0,"pct":100},"functions":{"total":0,"covered":0,"skipped":0,"pct":100},"statements":{"total":8,"covered":8,"skipped":0,"pct":100},"branches":{"total":0,"covered":0,"skipped":0,"pct":100}}
,"/Users/thiagoramalho/Documents/Thiago/Workspace/Concepta/OpenSource/rockets/packages/rockets-server-auth/src/domains/invitation/dto/rockets-auth-invitation-response.dto.ts": {"lines":{"total":36,"covered":36,"skipped":0,"pct":100},"functions":{"total":0,"covered":0,"skipped":0,"pct":100},"statements":{"total":36,"covered":36,"skipped":0,"pct":100},"branches":{"total":0,"covered":0,"skipped":0,"pct":100}}
,"/Users/thiagoramalho/Documents/Thiago/Workspace/Concepta/OpenSource/rockets/packages/rockets-server-auth/src/domains/invitation/dto/rockets-auth-invitation-revoke.dto.ts": {"lines":{"total":54,"covered":54,"skipped":0,"pct":100},"functions":{"total":0,"covered":0,"skipped":0,"pct":100},"statements":{"total":54,"covered":54,"skipped":0,"pct":100},"branches":{"total":0,"covered":0,"skipped":0,"pct":100}}
,"/Users/thiagoramalho/Documents/Thiago/Workspace/Concepta/OpenSource/rockets/packages/rockets-server-auth/src/domains/invitation/dto/rockets-auth-invitation.dto.ts": {"lines":{"total":8,"covered":8,"skipped":0,"pct":100},"functions":{"total":0,"covered":0,"skipped":0,"pct":100},"statements":{"total":8,"covered":8,"skipped":0,"pct":100},"branches":{"total":0,"covered":0,"skipped":0,"pct":100}}
,"/Users/thiagoramalho/Documents/Thiago/Workspace/Concepta/OpenSource/rockets/packages/rockets-server-auth/src/domains/invitation/modules/rockets-auth-invitation-acceptance.module-definition.ts": {"lines":{"total":409,"covered":377,"skipped":0,"pct":92.17},"functions":{"total":15,"covered":15,"skipped":0,"pct":100},"statements":{"total":409,"covered":377,"skipped":0,"pct":92.17},"branches":{"total":50,"covered":43,"skipped":0,"pct":86}}
,"/Users/thiagoramalho/Documents/Thiago/Workspace/Concepta/OpenSource/rockets/packages/rockets-server-auth/src/domains/invitation/modules/rockets-auth-invitation-acceptance.module.ts": {"lines":{"total":38,"covered":31,"skipped":0,"pct":81.57},"functions":{"total":3,"covered":1,"skipped":0,"pct":33.33},"statements":{"total":38,"covered":31,"skipped":0,"pct":81.57},"branches":{"total":1,"covered":1,"skipped":0,"pct":100}}
,"/Users/thiagoramalho/Documents/Thiago/Workspace/Concepta/OpenSource/rockets/packages/rockets-server-auth/src/domains/oauth/index.ts": {"lines":{"total":4,"covered":0,"skipped":0,"pct":0},"functions":{"total":1,"covered":0,"skipped":0,"pct":0},"statements":{"total":4,"covered":0,"skipped":0,"pct":0},"branches":{"total":1,"covered":0,"skipped":0,"pct":0}}
,"/Users/thiagoramalho/Documents/Thiago/Workspace/Concepta/OpenSource/rockets/packages/rockets-server-auth/src/domains/oauth/controllers/auth-oauth.controller.ts": {"lines":{"total":122,"covered":122,"skipped":0,"pct":100},"functions":{"total":4,"covered":4,"skipped":0,"pct":100},"statements":{"total":122,"covered":122,"skipped":0,"pct":100},"branches":{"total":4,"covered":4,"skipped":0,"pct":100}}
,"/Users/thiagoramalho/Documents/Thiago/Workspace/Concepta/OpenSource/rockets/packages/rockets-server-auth/src/domains/otp/index.ts": {"lines":{"total":18,"covered":0,"skipped":0,"pct":0},"functions":{"total":1,"covered":0,"skipped":0,"pct":0},"statements":{"total":18,"covered":0,"skipped":0,"pct":0},"branches":{"total":1,"covered":0,"skipped":0,"pct":0}}
,"/Users/thiagoramalho/Documents/Thiago/Workspace/Concepta/OpenSource/rockets/packages/rockets-server-auth/src/domains/otp/controllers/rockets-auth-otp.controller.ts": {"lines":{"total":101,"covered":94,"skipped":0,"pct":93.06},"functions":{"total":3,"covered":1,"skipped":0,"pct":33.33},"statements":{"total":101,"covered":94,"skipped":0,"pct":93.06},"branches":{"total":1,"covered":1,"skipped":0,"pct":100}}
,"/Users/thiagoramalho/Documents/Thiago/Workspace/Concepta/OpenSource/rockets/packages/rockets-server-auth/src/domains/otp/dto/rockets-auth-otp-confirm.dto.ts": {"lines":{"total":20,"covered":20,"skipped":0,"pct":100},"functions":{"total":0,"covered":0,"skipped":0,"pct":100},"statements":{"total":20,"covered":20,"skipped":0,"pct":100},"branches":{"total":0,"covered":0,"skipped":0,"pct":100}}
,"/Users/thiagoramalho/Documents/Thiago/Workspace/Concepta/OpenSource/rockets/packages/rockets-server-auth/src/domains/otp/dto/rockets-auth-otp-send.dto.ts": {"lines":{"total":12,"covered":12,"skipped":0,"pct":100},"functions":{"total":0,"covered":0,"skipped":0,"pct":100},"statements":{"total":12,"covered":12,"skipped":0,"pct":100},"branches":{"total":0,"covered":0,"skipped":0,"pct":100}}
,"/Users/thiagoramalho/Documents/Thiago/Workspace/Concepta/OpenSource/rockets/packages/rockets-server-auth/src/domains/otp/services/rockets-auth-notification.service.ts": {"lines":{"total":62,"covered":61,"skipped":0,"pct":98.38},"functions":{"total":2,"covered":2,"skipped":0,"pct":100},"statements":{"total":62,"covered":61,"skipped":0,"pct":98.38},"branches":{"total":5,"covered":4,"skipped":0,"pct":80}}
,"/Users/thiagoramalho/Documents/Thiago/Workspace/Concepta/OpenSource/rockets/packages/rockets-server-auth/src/domains/otp/services/rockets-auth-otp.service.ts": {"lines":{"total":114,"covered":113,"skipped":0,"pct":99.12},"functions":{"total":3,"covered":3,"skipped":0,"pct":100},"statements":{"total":114,"covered":113,"skipped":0,"pct":99.12},"branches":{"total":14,"covered":13,"skipped":0,"pct":92.85}}
,"/Users/thiagoramalho/Documents/Thiago/Workspace/Concepta/OpenSource/rockets/packages/rockets-server-auth/src/domains/role/index.ts": {"lines":{"total":16,"covered":16,"skipped":0,"pct":100},"functions":{"total":6,"covered":2,"skipped":0,"pct":33.33},"statements":{"total":16,"covered":16,"skipped":0,"pct":100},"branches":{"total":2,"covered":2,"skipped":0,"pct":100}}
,"/Users/thiagoramalho/Documents/Thiago/Workspace/Concepta/OpenSource/rockets/packages/rockets-server-auth/src/domains/role/controllers/admin-user-roles.controller.ts": {"lines":{"total":80,"covered":80,"skipped":0,"pct":100},"functions":{"total":3,"covered":3,"skipped":0,"pct":100},"statements":{"total":80,"covered":80,"skipped":0,"pct":100},"branches":{"total":3,"covered":3,"skipped":0,"pct":100}}
,"/Users/thiagoramalho/Documents/Thiago/Workspace/Concepta/OpenSource/rockets/packages/rockets-server-auth/src/domains/role/dto/rockets-auth-role-create.dto.ts": {"lines":{"total":12,"covered":12,"skipped":0,"pct":100},"functions":{"total":0,"covered":0,"skipped":0,"pct":100},"statements":{"total":12,"covered":12,"skipped":0,"pct":100},"branches":{"total":0,"covered":0,"skipped":0,"pct":100}}
,"/Users/thiagoramalho/Documents/Thiago/Workspace/Concepta/OpenSource/rockets/packages/rockets-server-auth/src/domains/role/dto/rockets-auth-role-update.dto.ts": {"lines":{"total":14,"covered":14,"skipped":0,"pct":100},"functions":{"total":0,"covered":0,"skipped":0,"pct":100},"statements":{"total":14,"covered":14,"skipped":0,"pct":100},"branches":{"total":0,"covered":0,"skipped":0,"pct":100}}
,"/Users/thiagoramalho/Documents/Thiago/Workspace/Concepta/OpenSource/rockets/packages/rockets-server-auth/src/domains/role/dto/rockets-auth-role.dto.ts": {"lines":{"total":11,"covered":11,"skipped":0,"pct":100},"functions":{"total":0,"covered":0,"skipped":0,"pct":100},"statements":{"total":11,"covered":11,"skipped":0,"pct":100},"branches":{"total":0,"covered":0,"skipped":0,"pct":100}}
,"/Users/thiagoramalho/Documents/Thiago/Workspace/Concepta/OpenSource/rockets/packages/rockets-server-auth/src/domains/role/modules/rockets-auth-role-admin.module.ts": {"lines":{"total":156,"covered":156,"skipped":0,"pct":100},"functions":{"total":3,"covered":3,"skipped":0,"pct":100},"statements":{"total":156,"covered":156,"skipped":0,"pct":100},"branches":{"total":10,"covered":4,"skipped":0,"pct":40}}
,"/Users/thiagoramalho/Documents/Thiago/Workspace/Concepta/OpenSource/rockets/packages/rockets-server-auth/src/domains/role/services/rockets-auth-role.service.ts": {"lines":{"total":87,"covered":50,"skipped":0,"pct":57.47},"functions":{"total":2,"covered":2,"skipped":0,"pct":100},"statements":{"total":87,"covered":50,"skipped":0,"pct":57.47},"branches":{"total":4,"covered":2,"skipped":0,"pct":50}}
,"/Users/thiagoramalho/Documents/Thiago/Workspace/Concepta/OpenSource/rockets/packages/rockets-server-auth/src/domains/user/index.ts": {"lines":{"total":37,"covered":37,"skipped":0,"pct":100},"functions":{"total":14,"covered":2,"skipped":0,"pct":14.28},"statements":{"total":37,"covered":37,"skipped":0,"pct":100},"branches":{"total":2,"covered":2,"skipped":0,"pct":100}}
,"/Users/thiagoramalho/Documents/Thiago/Workspace/Concepta/OpenSource/rockets/packages/rockets-server-auth/src/domains/user/user-metadata.exception.ts": {"lines":{"total":45,"covered":33,"skipped":0,"pct":73.33},"functions":{"total":4,"covered":2,"skipped":0,"pct":50},"statements":{"total":45,"covered":33,"skipped":0,"pct":73.33},"branches":{"total":2,"covered":2,"skipped":0,"pct":100}}
,"/Users/thiagoramalho/Documents/Thiago/Workspace/Concepta/OpenSource/rockets/packages/rockets-server-auth/src/domains/user/constants/user-metadata.constants.ts": {"lines":{"total":15,"covered":15,"skipped":0,"pct":100},"functions":{"total":0,"covered":0,"skipped":0,"pct":100},"statements":{"total":15,"covered":15,"skipped":0,"pct":100},"branches":{"total":0,"covered":0,"skipped":0,"pct":100}}
,"/Users/thiagoramalho/Documents/Thiago/Workspace/Concepta/OpenSource/rockets/packages/rockets-server-auth/src/domains/user/dto/rockets-auth-user-create.dto.ts": {"lines":{"total":25,"covered":25,"skipped":0,"pct":100},"functions":{"total":0,"covered":0,"skipped":0,"pct":100},"statements":{"total":25,"covered":25,"skipped":0,"pct":100},"branches":{"total":0,"covered":0,"skipped":0,"pct":100}}
,"/Users/thiagoramalho/Documents/Thiago/Workspace/Concepta/OpenSource/rockets/packages/rockets-server-auth/src/domains/user/dto/rockets-auth-user-metadata.dto.ts": {"lines":{"total":37,"covered":37,"skipped":0,"pct":100},"functions":{"total":0,"covered":0,"skipped":0,"pct":100},"statements":{"total":37,"covered":37,"skipped":0,"pct":100},"branches":{"total":0,"covered":0,"skipped":0,"pct":100}}
,"/Users/thiagoramalho/Documents/Thiago/Workspace/Concepta/OpenSource/rockets/packages/rockets-server-auth/src/domains/user/dto/rockets-auth-user-update.dto.ts": {"lines":{"total":23,"covered":23,"skipped":0,"pct":100},"functions":{"total":0,"covered":0,"skipped":0,"pct":100},"statements":{"total":23,"covered":23,"skipped":0,"pct":100},"branches":{"total":0,"covered":0,"skipped":0,"pct":100}}
,"/Users/thiagoramalho/Documents/Thiago/Workspace/Concepta/OpenSource/rockets/packages/rockets-server-auth/src/domains/user/dto/rockets-auth-user.dto.ts": {"lines":{"total":30,"covered":30,"skipped":0,"pct":100},"functions":{"total":0,"covered":0,"skipped":0,"pct":100},"statements":{"total":30,"covered":30,"skipped":0,"pct":100},"branches":{"total":1,"covered":1,"skipped":0,"pct":100}}
,"/Users/thiagoramalho/Documents/Thiago/Workspace/Concepta/OpenSource/rockets/packages/rockets-server-auth/src/domains/user/modules/rockets-auth-admin.module.ts": {"lines":{"total":243,"covered":166,"skipped":0,"pct":68.31},"functions":{"total":5,"covered":3,"skipped":0,"pct":60},"statements":{"total":243,"covered":166,"skipped":0,"pct":68.31},"branches":{"total":7,"covered":3,"skipped":0,"pct":42.85}}
,"/Users/thiagoramalho/Documents/Thiago/Workspace/Concepta/OpenSource/rockets/packages/rockets-server-auth/src/domains/user/modules/rockets-auth-signup.module.ts": {"lines":{"total":317,"covered":264,"skipped":0,"pct":83.28},"functions":{"total":5,"covered":5,"skipped":0,"pct":100},"statements":{"total":317,"covered":264,"skipped":0,"pct":83.28},"branches":{"total":16,"covered":6,"skipped":0,"pct":37.5}}
,"/Users/thiagoramalho/Documents/Thiago/Workspace/Concepta/OpenSource/rockets/packages/rockets-server-auth/src/domains/user/modules/rockets-auth-user-metadata.module-definition.ts": {"lines":{"total":190,"covered":184,"skipped":0,"pct":96.84},"functions":{"total":7,"covered":7,"skipped":0,"pct":100},"statements":{"total":190,"covered":184,"skipped":0,"pct":96.84},"branches":{"total":15,"covered":7,"skipped":0,"pct":46.66}}
,"/Users/thiagoramalho/Documents/Thiago/Workspace/Concepta/OpenSource/rockets/packages/rockets-server-auth/src/domains/user/modules/rockets-auth-user-metadata.module.ts": {"lines":{"total":35,"covered":28,"skipped":0,"pct":80},"functions":{"total":4,"covered":2,"skipped":0,"pct":50},"statements":{"total":35,"covered":28,"skipped":0,"pct":80},"branches":{"total":2,"covered":2,"skipped":0,"pct":100}}
,"/Users/thiagoramalho/Documents/Thiago/Workspace/Concepta/OpenSource/rockets/packages/rockets-server-auth/src/domains/user/services/rockets-auth-user-metadata.model.service.ts": {"lines":{"total":166,"covered":166,"skipped":0,"pct":100},"functions":{"total":9,"covered":9,"skipped":0,"pct":100},"statements":{"total":166,"covered":166,"skipped":0,"pct":100},"branches":{"total":15,"covered":15,"skipped":0,"pct":100}}
,"/Users/thiagoramalho/Documents/Thiago/Workspace/Concepta/OpenSource/rockets/packages/rockets-server-auth/src/guards/admin.guard.ts": {"lines":{"total":74,"covered":57,"skipped":0,"pct":77.02},"functions":{"total":2,"covered":2,"skipped":0,"pct":100},"statements":{"total":74,"covered":57,"skipped":0,"pct":77.02},"branches":{"total":6,"covered":2,"skipped":0,"pct":33.33}}
,"/Users/thiagoramalho/Documents/Thiago/Workspace/Concepta/OpenSource/rockets/packages/rockets-server-auth/src/provider/rockets-jwt-auth.provider.ts": {"lines":{"total":87,"covered":28,"skipped":0,"pct":32.18},"functions":{"total":2,"covered":1,"skipped":0,"pct":50},"statements":{"total":87,"covered":28,"skipped":0,"pct":32.18},"branches":{"total":1,"covered":1,"skipped":0,"pct":100}}
,"/Users/thiagoramalho/Documents/Thiago/Workspace/Concepta/OpenSource/rockets/packages/rockets-server-auth/src/shared/index.ts": {"lines":{"total":28,"covered":28,"skipped":0,"pct":100},"functions":{"total":4,"covered":0,"skipped":0,"pct":0},"statements":{"total":28,"covered":28,"skipped":0,"pct":100},"branches":{"total":0,"covered":0,"skipped":0,"pct":100}}
,"/Users/thiagoramalho/Documents/Thiago/Workspace/Concepta/OpenSource/rockets/packages/rockets-server-auth/src/shared/compat/concepta-internals.ts": {"lines":{"total":28,"covered":28,"skipped":0,"pct":100},"functions":{"total":6,"covered":6,"skipped":0,"pct":100},"statements":{"total":28,"covered":28,"skipped":0,"pct":100},"branches":{"total":6,"covered":6,"skipped":0,"pct":100}}
,"/Users/thiagoramalho/Documents/Thiago/Workspace/Concepta/OpenSource/rockets/packages/rockets-server-auth/src/shared/config/rockets-auth-options-default.config.ts": {"lines":{"total":53,"covered":52,"skipped":0,"pct":98.11},"functions":{"total":1,"covered":0,"skipped":0,"pct":0},"statements":{"total":53,"covered":52,"skipped":0,"pct":98.11},"branches":{"total":5,"covered":1,"skipped":0,"pct":20}}
,"/Users/thiagoramalho/Documents/Thiago/Workspace/Concepta/OpenSource/rockets/packages/rockets-server-auth/src/shared/constants/rockets-auth.constants.ts": {"lines":{"total":67,"covered":67,"skipped":0,"pct":100},"functions":{"total":0,"covered":0,"skipped":0,"pct":100},"statements":{"total":67,"covered":67,"skipped":0,"pct":100},"branches":{"total":0,"covered":0,"skipped":0,"pct":100}}
,"/Users/thiagoramalho/Documents/Thiago/Workspace/Concepta/OpenSource/rockets/packages/rockets-server-auth/src/shared/exceptions/rockets-auth.exception.ts": {"lines":{"total":16,"covered":16,"skipped":0,"pct":100},"functions":{"total":1,"covered":1,"skipped":0,"pct":100},"statements":{"total":16,"covered":16,"skipped":0,"pct":100},"branches":{"total":1,"covered":1,"skipped":0,"pct":100}}
,"/Users/thiagoramalho/Documents/Thiago/Workspace/Concepta/OpenSource/rockets/packages/rockets-server-auth/src/shared/utils/error-logging.helper.ts": {"lines":{"total":52,"covered":43,"skipped":0,"pct":82.69},"functions":{"total":2,"covered":1,"skipped":0,"pct":50},"statements":{"total":52,"covered":43,"skipped":0,"pct":82.69},"branches":{"total":3,"covered":1,"skipped":0,"pct":33.33}}
,"/Users/thiagoramalho/Documents/Thiago/Workspace/Concepta/OpenSource/rockets/packages/rockets-server/src/index.ts": {"lines":{"total":58,"covered":0,"skipped":0,"pct":0},"functions":{"total":1,"covered":0,"skipped":0,"pct":0},"statements":{"total":58,"covered":0,"skipped":0,"pct":0},"branches":{"total":1,"covered":0,"skipped":0,"pct":0}}
,"/Users/thiagoramalho/Documents/Thiago/Workspace/Concepta/OpenSource/rockets/packages/rockets-server/src/rockets.constants.ts": {"lines":{"total":6,"covered":6,"skipped":0,"pct":100},"functions":{"total":0,"covered":0,"skipped":0,"pct":100},"statements":{"total":6,"covered":6,"skipped":0,"pct":100},"branches":{"total":0,"covered":0,"skipped":0,"pct":100}}
,"/Users/thiagoramalho/Documents/Thiago/Workspace/Concepta/OpenSource/rockets/packages/rockets-server/src/rockets.module-definition.ts": {"lines":{"total":215,"covered":98,"skipped":0,"pct":45.58},"functions":{"total":6,"covered":1,"skipped":0,"pct":16.66},"statements":{"total":215,"covered":98,"skipped":0,"pct":45.58},"branches":{"total":10,"covered":8,"skipped":0,"pct":80}}
,"/Users/thiagoramalho/Documents/Thiago/Workspace/Concepta/OpenSource/rockets/packages/rockets-server/src/rockets.module.ts": {"lines":{"total":25,"covered":0,"skipped":0,"pct":0},"functions":{"total":1,"covered":0,"skipped":0,"pct":0},"statements":{"total":25,"covered":0,"skipped":0,"pct":0},"branches":{"total":1,"covered":0,"skipped":0,"pct":0}}
,"/Users/thiagoramalho/Documents/Thiago/Workspace/Concepta/OpenSource/rockets/packages/rockets-server/src/rockets.tokens.ts": {"lines":{"total":3,"covered":3,"skipped":0,"pct":100},"functions":{"total":0,"covered":0,"skipped":0,"pct":100},"statements":{"total":3,"covered":3,"skipped":0,"pct":100},"branches":{"total":0,"covered":0,"skipped":0,"pct":100}}
,"/Users/thiagoramalho/Documents/Thiago/Workspace/Concepta/OpenSource/rockets/packages/rockets-server/src/config/rockets-options-default.config.ts": {"lines":{"total":15,"covered":13,"skipped":0,"pct":86.66},"functions":{"total":0,"covered":0,"skipped":0,"pct":100},"statements":{"total":15,"covered":13,"skipped":0,"pct":86.66},"branches":{"total":0,"covered":0,"skipped":0,"pct":100}}
,"/Users/thiagoramalho/Documents/Thiago/Workspace/Concepta/OpenSource/rockets/packages/rockets-server/src/filter/exceptions.filter.ts": {"lines":{"total":86,"covered":0,"skipped":0,"pct":0},"functions":{"total":1,"covered":0,"skipped":0,"pct":0},"statements":{"total":86,"covered":0,"skipped":0,"pct":0},"branches":{"total":1,"covered":0,"skipped":0,"pct":0}}
,"/Users/thiagoramalho/Documents/Thiago/Workspace/Concepta/OpenSource/rockets/packages/rockets-server/src/guards/auth-server.guard.ts": {"lines":{"total":73,"covered":21,"skipped":0,"pct":28.76},"functions":{"total":3,"covered":0,"skipped":0,"pct":0},"statements":{"total":73,"covered":21,"skipped":0,"pct":28.76},"branches":{"total":0,"covered":0,"skipped":0,"pct":100}}
,"/Users/thiagoramalho/Documents/Thiago/Workspace/Concepta/OpenSource/rockets/packages/rockets-server/src/modules/user/me.controller.ts": {"lines":{"total":97,"covered":66,"skipped":0,"pct":68.04},"functions":{"total":3,"covered":0,"skipped":0,"pct":0},"statements":{"total":97,"covered":66,"skipped":0,"pct":68.04},"branches":{"total":0,"covered":0,"skipped":0,"pct":100}}
,"/Users/thiagoramalho/Documents/Thiago/Workspace/Concepta/OpenSource/rockets/packages/rockets-server/src/modules/user/user.dto.ts": {"lines":{"total":110,"covered":110,"skipped":0,"pct":100},"functions":{"total":1,"covered":0,"skipped":0,"pct":0},"statements":{"total":110,"covered":110,"skipped":0,"pct":100},"branches":{"total":0,"covered":0,"skipped":0,"pct":100}}
,"/Users/thiagoramalho/Documents/Thiago/Workspace/Concepta/OpenSource/rockets/packages/rockets-server/src/modules/user/user.module.ts": {"lines":{"total":15,"covered":0,"skipped":0,"pct":0},"functions":{"total":1,"covered":0,"skipped":0,"pct":0},"statements":{"total":15,"covered":0,"skipped":0,"pct":0},"branches":{"total":1,"covered":0,"skipped":0,"pct":0}}
,"/Users/thiagoramalho/Documents/Thiago/Workspace/Concepta/OpenSource/rockets/packages/rockets-server/src/modules/user-metadata/user-metadata.module.ts": {"lines":{"total":57,"covered":0,"skipped":0,"pct":0},"functions":{"total":1,"covered":0,"skipped":0,"pct":0},"statements":{"total":57,"covered":0,"skipped":0,"pct":0},"branches":{"total":1,"covered":0,"skipped":0,"pct":0}}
,"/Users/thiagoramalho/Documents/Thiago/Workspace/Concepta/OpenSource/rockets/packages/rockets-server/src/modules/user-metadata/constants/user-metadata.constants.ts": {"lines":{"total":5,"covered":5,"skipped":0,"pct":100},"functions":{"total":0,"covered":0,"skipped":0,"pct":100},"statements":{"total":5,"covered":5,"skipped":0,"pct":100},"branches":{"total":0,"covered":0,"skipped":0,"pct":100}}
,"/Users/thiagoramalho/Documents/Thiago/Workspace/Concepta/OpenSource/rockets/packages/rockets-server/src/modules/user-metadata/services/user-metadata.model.service.ts": {"lines":{"total":160,"covered":160,"skipped":0,"pct":100},"functions":{"total":8,"covered":8,"skipped":0,"pct":100},"statements":{"total":160,"covered":160,"skipped":0,"pct":100},"branches":{"total":29,"covered":29,"skipped":0,"pct":100}}
,"/Users/thiagoramalho/Documents/Thiago/Workspace/Concepta/OpenSource/rockets/packages/rockets-server/src/modules/user/constants/user.constants.ts": {"lines":{"total":5,"covered":0,"skipped":0,"pct":0},"functions":{"total":1,"covered":0,"skipped":0,"pct":0},"statements":{"total":5,"covered":0,"skipped":0,"pct":0},"branches":{"total":1,"covered":0,"skipped":0,"pct":0}}
,"/Users/thiagoramalho/Documents/Thiago/Workspace/Concepta/OpenSource/rockets/packages/rockets-server/src/utils/error-logging.helper.ts": {"lines":{"total":52,"covered":52,"skipped":0,"pct":100},"functions":{"total":2,"covered":2,"skipped":0,"pct":100},"statements":{"total":52,"covered":52,"skipped":0,"pct":100},"branches":{"total":10,"covered":10,"skipped":0,"pct":100}}
}
